{"/Users/Daniel/Desktop/cpsc310project/src/controller/DatasetController.js":{"path":"/Users/Daniel/Desktop/cpsc310project/src/controller/DatasetController.js","s":{"1":1,"2":1,"3":1,"4":1,"5":1,"6":1,"7":6,"8":6,"9":6,"10":1,"11":20,"12":1,"13":1,"14":2,"15":21,"16":20,"17":1,"18":25,"19":25,"20":25,"21":25,"22":23,"23":23,"24":2,"25":2,"26":2,"27":2,"28":2,"29":2,"30":2,"31":2,"32":2,"33":5,"34":3,"35":3,"36":3,"37":3,"38":3,"39":3,"40":3,"41":2,"42":2,"43":2,"44":2,"45":0,"46":0,"47":1,"48":3,"49":3,"50":3,"51":3,"52":3,"53":5947,"54":5947,"55":5944,"56":5944,"57":5944,"58":5944,"59":5944,"60":44430,"61":44430,"62":44430,"63":444300,"64":444300,"65":444300,"66":266580,"67":177720,"68":44430,"69":16895,"70":44430,"71":5944,"72":5944,"73":0,"74":0,"75":3,"76":3,"77":3,"78":2,"79":1,"80":0,"81":1,"82":1,"83":1,"84":1,"85":1,"86":1,"87":1,"88":1,"89":1,"90":1,"91":1,"92":1,"93":1,"94":1,"95":1,"96":1,"97":1892,"98":20,"99":20,"100":20,"101":4,"102":4,"103":4,"104":4,"105":20,"106":4,"107":4,"108":4,"109":4,"110":4,"111":4,"112":1892,"113":296,"114":296,"115":378,"116":7,"117":7,"118":7,"119":4,"120":1892,"121":296,"122":296,"123":378,"124":295,"125":295,"126":299,"127":4,"128":4,"129":4,"130":4,"131":1892,"132":958,"133":1891,"134":1,"135":1,"136":1,"137":4,"138":0,"139":4,"140":4,"141":4,"142":4,"143":1,"144":7456,"145":15,"146":15,"147":15,"148":3,"149":3,"150":3,"151":3,"152":7456,"153":3784,"154":7452,"155":4,"156":4,"157":1,"158":1,"159":1,"160":5715,"161":887,"162":887,"163":1119,"164":16,"165":16,"166":16,"167":5715,"168":177,"169":177,"170":174,"171":3,"172":3,"173":3,"174":5715,"175":80,"176":80,"177":80,"178":80,"179":16,"180":16,"181":16,"182":5715,"183":80,"184":80,"185":80,"186":80,"187":16,"188":16,"189":16,"190":5715,"191":80,"192":80,"193":80,"194":80,"195":16,"196":16,"197":16,"198":5715,"199":887,"200":887,"201":1119,"202":884,"203":884,"204":896,"205":16,"206":16,"207":5715,"208":2879,"209":3,"210":3,"211":1,"212":1,"213":1,"214":1,"215":16,"216":64,"217":3,"218":16,"219":16,"220":16,"221":16,"222":16,"223":16,"224":16,"225":16,"226":16,"227":16,"228":16,"229":1,"230":1,"231":1,"232":6,"233":6,"234":6,"235":6,"236":6,"237":6,"238":4,"239":4,"240":4,"241":3,"242":1,"243":1,"244":0,"245":4,"246":2,"247":2,"248":2,"249":0,"250":0,"251":2,"252":2,"253":2,"254":0,"255":0,"256":1,"257":2,"258":2,"259":2,"260":2,"261":1,"262":2,"263":2,"264":2,"265":2,"266":2,"267":2,"268":2,"269":2,"270":2,"271":2,"272":2,"273":2,"274":1,"275":2,"276":2,"277":2,"278":2,"279":2,"280":2,"281":2,"282":1,"283":0,"284":0,"285":1,"286":1,"287":1,"288":1,"289":1,"290":1,"291":1,"292":1,"293":1},"b":{"1":[1,19],"2":[23,2],"3":[0,2],"4":[2,2],"5":[0,2],"6":[3,2],"7":[5,5],"8":[0,3],"9":[5944,3],"10":[5947,5945,5945],"11":[5944,0],"12":[266580,177720],"13":[16895,27535],"14":[2,1],"15":[20,1872],"16":[20,0],"17":[4,16],"18":[20,20],"19":[4,0],"20":[4,0],"21":[4,16],"22":[20,20],"23":[4,0],"24":[4,0],"25":[296,1596],"26":[296,0],"27":[7,371],"28":[378,14],"29":[7,0],"30":[4,3],"31":[296,1596],"32":[1892,1892],"33":[296,0],"34":[295,83],"35":[295,0],"36":[4,295],"37":[958,934],"38":[0,4],"39":[15,7441],"40":[7456,7456],"41":[15,0],"42":[3,12],"43":[15,15],"44":[3,0],"45":[3,0],"46":[3784,3672],"47":[1,3],"48":[887,4828],"49":[5715,5715],"50":[887,0],"51":[16,1103],"52":[1119,34],"53":[16,0],"54":[177,5538],"55":[5715,5715],"56":[177,0],"57":[3,171],"58":[174,153],"59":[3,0],"60":[80,5635],"61":[5715,5715],"62":[80,0],"63":[80,0],"64":[16,64],"65":[16,0],"66":[80,5635],"67":[5715,5715],"68":[80,0],"69":[80,0],"70":[16,64],"71":[16,0],"72":[80,5635],"73":[5715,5715],"74":[80,0],"75":[80,0],"76":[16,64],"77":[16,0],"78":[887,4828],"79":[5715,5715],"80":[887,0],"81":[884,235],"82":[884,0],"83":[16,880],"84":[2879,2836],"85":[3,61],"86":[3,1],"87":[1,0],"88":[1,1],"89":[0,2],"90":[2,2],"91":[1,1],"92":[0,1]},"f":{"1":1,"2":6,"3":20,"4":25,"5":25,"6":2,"7":2,"8":5,"9":3,"10":3,"11":2,"12":3,"13":3,"14":5947,"15":5944,"16":5944,"17":0,"18":3,"19":0,"20":1,"21":1,"22":1,"23":1892,"24":20,"25":4,"26":4,"27":378,"28":7,"29":378,"30":299,"31":4,"32":1891,"33":4,"34":4,"35":4,"36":7456,"37":15,"38":3,"39":7452,"40":5715,"41":1119,"42":16,"43":174,"44":3,"45":80,"46":16,"47":80,"48":16,"49":80,"50":16,"51":1119,"52":896,"53":16,"54":1,"55":6,"56":6,"57":4,"58":2,"59":2,"60":2,"61":0,"62":0,"63":2,"64":2,"65":2,"66":2,"67":2,"68":2,"69":2,"70":2,"71":2,"72":2},"fnMap":{"1":{"name":"(anonymous_1)","line":6,"loc":{"start":{"line":6,"column":25},"end":{"line":6,"column":37}}},"2":{"name":"DatasetController","line":7,"loc":{"start":{"line":7,"column":4},"end":{"line":7,"column":33}}},"3":{"name":"(anonymous_3)","line":12,"loc":{"start":{"line":12,"column":35},"end":{"line":12,"column":50}}},"4":{"name":"(anonymous_4)","line":23,"loc":{"start":{"line":23,"column":46},"end":{"line":23,"column":58}}},"5":{"name":"(anonymous_5)","line":25,"loc":{"start":{"line":25,"column":27},"end":{"line":25,"column":54}}},"6":{"name":"(anonymous_6)","line":35,"loc":{"start":{"line":35,"column":37},"end":{"line":35,"column":52}}},"7":{"name":"(anonymous_7)","line":38,"loc":{"start":{"line":38,"column":48},"end":{"line":38,"column":70}}},"8":{"name":"(anonymous_8)","line":42,"loc":{"start":{"line":42,"column":42},"end":{"line":42,"column":58}}},"9":{"name":"(anonymous_9)","line":44,"loc":{"start":{"line":44,"column":71},"end":{"line":44,"column":98}}},"10":{"name":"(anonymous_10)","line":45,"loc":{"start":{"line":45,"column":72},"end":{"line":45,"column":93}}},"11":{"name":"(anonymous_11)","line":56,"loc":{"start":{"line":56,"column":64},"end":{"line":56,"column":83}}},"12":{"name":"(anonymous_12)","line":71,"loc":{"start":{"line":71,"column":63},"end":{"line":71,"column":82}}},"13":{"name":"(anonymous_13)","line":72,"loc":{"start":{"line":72,"column":27},"end":{"line":72,"column":54}}},"14":{"name":"(anonymous_14)","line":76,"loc":{"start":{"line":76,"column":24},"end":{"line":76,"column":54}}},"15":{"name":"(anonymous_15)","line":79,"loc":{"start":{"line":79,"column":50},"end":{"line":79,"column":77}}},"16":{"name":"(anonymous_16)","line":80,"loc":{"start":{"line":80,"column":50},"end":{"line":80,"column":69}}},"17":{"name":"(anonymous_17)","line":104,"loc":{"start":{"line":104,"column":33},"end":{"line":104,"column":48}}},"18":{"name":"(anonymous_18)","line":111,"loc":{"start":{"line":111,"column":43},"end":{"line":111,"column":61}}},"19":{"name":"(anonymous_19)","line":119,"loc":{"start":{"line":119,"column":21},"end":{"line":119,"column":36}}},"20":{"name":"(anonymous_20)","line":124,"loc":{"start":{"line":124,"column":61},"end":{"line":124,"column":80}}},"21":{"name":"(anonymous_21)","line":125,"loc":{"start":{"line":125,"column":27},"end":{"line":125,"column":54}}},"22":{"name":"(anonymous_22)","line":137,"loc":{"start":{"line":137,"column":55},"end":{"line":137,"column":74}}},"23":{"name":"parseNodes","line":139,"loc":{"start":{"line":139,"column":16},"end":{"line":139,"column":49}}},"24":{"name":"(anonymous_24)","line":142,"loc":{"start":{"line":142,"column":47},"end":{"line":142,"column":62}}},"25":{"name":"(anonymous_25)","line":145,"loc":{"start":{"line":145,"column":64},"end":{"line":145,"column":85}}},"26":{"name":"(anonymous_26)","line":154,"loc":{"start":{"line":154,"column":64},"end":{"line":154,"column":85}}},"27":{"name":"(anonymous_27)","line":168,"loc":{"start":{"line":168,"column":47},"end":{"line":168,"column":62}}},"28":{"name":"(anonymous_28)","line":171,"loc":{"start":{"line":171,"column":64},"end":{"line":171,"column":85}}},"29":{"name":"(anonymous_29)","line":183,"loc":{"start":{"line":183,"column":47},"end":{"line":183,"column":62}}},"30":{"name":"(anonymous_30)","line":186,"loc":{"start":{"line":186,"column":64},"end":{"line":186,"column":81}}},"31":{"name":"(anonymous_31)","line":188,"loc":{"start":{"line":188,"column":79},"end":{"line":188,"column":94}}},"32":{"name":"(anonymous_32)","line":201,"loc":{"start":{"line":201,"column":48},"end":{"line":201,"column":65}}},"33":{"name":"(anonymous_33)","line":208,"loc":{"start":{"line":208,"column":33},"end":{"line":208,"column":49}}},"34":{"name":"(anonymous_34)","line":211,"loc":{"start":{"line":211,"column":50},"end":{"line":211,"column":77}}},"35":{"name":"(anonymous_35)","line":212,"loc":{"start":{"line":212,"column":60},"end":{"line":212,"column":79}}},"36":{"name":"parseDatasetNodes","line":215,"loc":{"start":{"line":215,"column":28},"end":{"line":215,"column":61}}},"37":{"name":"(anonymous_37)","line":218,"loc":{"start":{"line":218,"column":59},"end":{"line":218,"column":74}}},"38":{"name":"(anonymous_38)","line":221,"loc":{"start":{"line":221,"column":76},"end":{"line":221,"column":97}}},"39":{"name":"(anonymous_39)","line":232,"loc":{"start":{"line":232,"column":60},"end":{"line":232,"column":76}}},"40":{"name":"getKeys","line":242,"loc":{"start":{"line":242,"column":28},"end":{"line":242,"column":51}}},"41":{"name":"(anonymous_41)","line":245,"loc":{"start":{"line":245,"column":59},"end":{"line":245,"column":74}}},"42":{"name":"(anonymous_42)","line":248,"loc":{"start":{"line":248,"column":76},"end":{"line":248,"column":93}}},"43":{"name":"(anonymous_43)","line":258,"loc":{"start":{"line":258,"column":59},"end":{"line":258,"column":74}}},"44":{"name":"(anonymous_44)","line":261,"loc":{"start":{"line":261,"column":76},"end":{"line":261,"column":93}}},"45":{"name":"(anonymous_45)","line":271,"loc":{"start":{"line":271,"column":59},"end":{"line":271,"column":74}}},"46":{"name":"(anonymous_46)","line":275,"loc":{"start":{"line":275,"column":80},"end":{"line":275,"column":97}}},"47":{"name":"(anonymous_47)","line":286,"loc":{"start":{"line":286,"column":59},"end":{"line":286,"column":74}}},"48":{"name":"(anonymous_48)","line":290,"loc":{"start":{"line":290,"column":80},"end":{"line":290,"column":97}}},"49":{"name":"(anonymous_49)","line":301,"loc":{"start":{"line":301,"column":59},"end":{"line":301,"column":74}}},"50":{"name":"(anonymous_50)","line":305,"loc":{"start":{"line":305,"column":80},"end":{"line":305,"column":97}}},"51":{"name":"(anonymous_51)","line":316,"loc":{"start":{"line":316,"column":59},"end":{"line":316,"column":74}}},"52":{"name":"(anonymous_52)","line":319,"loc":{"start":{"line":319,"column":76},"end":{"line":319,"column":93}}},"53":{"name":"(anonymous_53)","line":321,"loc":{"start":{"line":321,"column":91},"end":{"line":321,"column":106}}},"54":{"name":"(anonymous_54)","line":340,"loc":{"start":{"line":340,"column":47},"end":{"line":340,"column":65}}},"55":{"name":"(anonymous_55)","line":367,"loc":{"start":{"line":367,"column":42},"end":{"line":367,"column":62}}},"56":{"name":"(anonymous_56)","line":370,"loc":{"start":{"line":370,"column":27},"end":{"line":370,"column":54}}},"57":{"name":"(anonymous_57)","line":373,"loc":{"start":{"line":373,"column":61},"end":{"line":373,"column":76}}},"58":{"name":"(anonymous_58)","line":385,"loc":{"start":{"line":385,"column":36},"end":{"line":385,"column":64}}},"59":{"name":"(anonymous_59)","line":386,"loc":{"start":{"line":386,"column":48},"end":{"line":386,"column":68}}},"60":{"name":"(anonymous_60)","line":387,"loc":{"start":{"line":387,"column":65},"end":{"line":387,"column":84}}},"61":{"name":"(anonymous_61)","line":389,"loc":{"start":{"line":389,"column":37},"end":{"line":389,"column":52}}},"62":{"name":"(anonymous_62)","line":392,"loc":{"start":{"line":392,"column":33},"end":{"line":392,"column":48}}},"63":{"name":"(anonymous_63)","line":395,"loc":{"start":{"line":395,"column":29},"end":{"line":395,"column":44}}},"64":{"name":"(anonymous_64)","line":398,"loc":{"start":{"line":398,"column":25},"end":{"line":398,"column":40}}},"65":{"name":"(anonymous_65)","line":409,"loc":{"start":{"line":409,"column":39},"end":{"line":409,"column":71}}},"66":{"name":"(anonymous_66)","line":411,"loc":{"start":{"line":411,"column":27},"end":{"line":411,"column":54}}},"67":{"name":"(anonymous_67)","line":418,"loc":{"start":{"line":418,"column":29},"end":{"line":418,"column":44}}},"68":{"name":"(anonymous_68)","line":424,"loc":{"start":{"line":424,"column":32},"end":{"line":424,"column":44}}},"69":{"name":"(anonymous_69)","line":427,"loc":{"start":{"line":427,"column":30},"end":{"line":427,"column":44}}},"70":{"name":"(anonymous_70)","line":434,"loc":{"start":{"line":434,"column":48},"end":{"line":434,"column":62}}},"71":{"name":"(anonymous_71)","line":436,"loc":{"start":{"line":436,"column":27},"end":{"line":436,"column":54}}},"72":{"name":"(anonymous_72)","line":440,"loc":{"start":{"line":440,"column":32},"end":{"line":440,"column":47}}}},"statementMap":{"1":{"start":{"line":2,"column":0},"end":{"line":2,"column":32}},"2":{"start":{"line":3,"column":0},"end":{"line":3,"column":29}},"3":{"start":{"line":4,"column":0},"end":{"line":4,"column":23}},"4":{"start":{"line":5,"column":0},"end":{"line":5,"column":31}},"5":{"start":{"line":6,"column":0},"end":{"line":487,"column":5}},"6":{"start":{"line":7,"column":4},"end":{"line":11,"column":5}},"7":{"start":{"line":8,"column":8},"end":{"line":8,"column":38}},"8":{"start":{"line":9,"column":8},"end":{"line":9,"column":27}},"9":{"start":{"line":10,"column":8},"end":{"line":10,"column":58}},"10":{"start":{"line":12,"column":4},"end":{"line":22,"column":6}},"11":{"start":{"line":13,"column":8},"end":{"line":20,"column":9}},"12":{"start":{"line":14,"column":12},"end":{"line":14,"column":46}},"13":{"start":{"line":15,"column":12},"end":{"line":19,"column":13}},"14":{"start":{"line":16,"column":16},"end":{"line":18,"column":17}},"15":{"start":{"line":17,"column":20},"end":{"line":17,"column":109}},"16":{"start":{"line":21,"column":8},"end":{"line":21,"column":49}},"17":{"start":{"line":23,"column":4},"end":{"line":70,"column":6}},"18":{"start":{"line":24,"column":8},"end":{"line":24,"column":24}},"19":{"start":{"line":25,"column":8},"end":{"line":69,"column":11}},"20":{"start":{"line":26,"column":12},"end":{"line":68,"column":13}},"21":{"start":{"line":27,"column":16},"end":{"line":63,"column":17}},"22":{"start":{"line":28,"column":20},"end":{"line":28,"column":114}},"23":{"start":{"line":29,"column":20},"end":{"line":29,"column":43}},"24":{"start":{"line":32,"column":20},"end":{"line":32,"column":47}},"25":{"start":{"line":33,"column":20},"end":{"line":33,"column":46}},"26":{"start":{"line":34,"column":20},"end":{"line":34,"column":124}},"27":{"start":{"line":35,"column":20},"end":{"line":62,"column":23}},"28":{"start":{"line":36,"column":24},"end":{"line":37,"column":25}},"29":{"start":{"line":38,"column":24},"end":{"line":61,"column":27}},"30":{"start":{"line":39,"column":28},"end":{"line":40,"column":29}},"31":{"start":{"line":41,"column":28},"end":{"line":41,"column":133}},"32":{"start":{"line":42,"column":28},"end":{"line":55,"column":31}},"33":{"start":{"line":43,"column":32},"end":{"line":54,"column":33}},"34":{"start":{"line":44,"column":36},"end":{"line":53,"column":40}},"35":{"start":{"line":45,"column":40},"end":{"line":52,"column":43}},"36":{"start":{"line":46,"column":44},"end":{"line":47,"column":45}},"37":{"start":{"line":48,"column":44},"end":{"line":48,"column":79}},"38":{"start":{"line":49,"column":44},"end":{"line":49,"column":85}},"39":{"start":{"line":50,"column":44},"end":{"line":50,"column":82}},"40":{"start":{"line":51,"column":44},"end":{"line":51,"column":58}},"41":{"start":{"line":56,"column":28},"end":{"line":60,"column":31}},"42":{"start":{"line":57,"column":32},"end":{"line":57,"column":155}},"43":{"start":{"line":58,"column":32},"end":{"line":58,"column":61}},"44":{"start":{"line":59,"column":32},"end":{"line":59,"column":55}},"45":{"start":{"line":66,"column":16},"end":{"line":66,"column":89}},"46":{"start":{"line":67,"column":16},"end":{"line":67,"column":28}},"47":{"start":{"line":71,"column":4},"end":{"line":123,"column":6}},"48":{"start":{"line":72,"column":8},"end":{"line":122,"column":11}},"49":{"start":{"line":73,"column":12},"end":{"line":73,"column":34}},"50":{"start":{"line":74,"column":12},"end":{"line":74,"column":29}},"51":{"start":{"line":75,"column":12},"end":{"line":75,"column":38}},"52":{"start":{"line":76,"column":12},"end":{"line":110,"column":15}},"53":{"start":{"line":77,"column":16},"end":{"line":77,"column":48}},"54":{"start":{"line":78,"column":16},"end":{"line":109,"column":17}},"55":{"start":{"line":79,"column":20},"end":{"line":108,"column":24}},"56":{"start":{"line":80,"column":24},"end":{"line":107,"column":27}},"57":{"start":{"line":81,"column":28},"end":{"line":81,"column":58}},"58":{"start":{"line":82,"column":28},"end":{"line":102,"column":29}},"59":{"start":{"line":83,"column":32},"end":{"line":100,"column":33}},"60":{"start":{"line":84,"column":36},"end":{"line":84,"column":62}},"61":{"start":{"line":85,"column":36},"end":{"line":85,"column":57}},"62":{"start":{"line":86,"column":36},"end":{"line":95,"column":37}},"63":{"start":{"line":87,"column":40},"end":{"line":87,"column":103}},"64":{"start":{"line":88,"column":40},"end":{"line":88,"column":109}},"65":{"start":{"line":89,"column":40},"end":{"line":94,"column":41}},"66":{"start":{"line":90,"column":44},"end":{"line":90,"column":93}},"67":{"start":{"line":93,"column":44},"end":{"line":93,"column":81}},"68":{"start":{"line":96,"column":36},"end":{"line":98,"column":37}},"69":{"start":{"line":97,"column":40},"end":{"line":97,"column":75}},"70":{"start":{"line":99,"column":36},"end":{"line":99,"column":71}},"71":{"start":{"line":101,"column":32},"end":{"line":101,"column":43}},"72":{"start":{"line":103,"column":28},"end":{"line":103,"column":42}},"73":{"start":{"line":105,"column":28},"end":{"line":105,"column":155}},"74":{"start":{"line":106,"column":28},"end":{"line":106,"column":40}},"75":{"start":{"line":111,"column":12},"end":{"line":121,"column":15}},"76":{"start":{"line":112,"column":16},"end":{"line":112,"column":171}},"77":{"start":{"line":113,"column":16},"end":{"line":118,"column":17}},"78":{"start":{"line":114,"column":20},"end":{"line":114,"column":69}},"79":{"start":{"line":117,"column":20},"end":{"line":117,"column":46}},"80":{"start":{"line":120,"column":16},"end":{"line":120,"column":28}},"81":{"start":{"line":124,"column":4},"end":{"line":366,"column":6}},"82":{"start":{"line":125,"column":8},"end":{"line":365,"column":11}},"83":{"start":{"line":126,"column":12},"end":{"line":126,"column":32}},"84":{"start":{"line":127,"column":12},"end":{"line":127,"column":31}},"85":{"start":{"line":128,"column":12},"end":{"line":128,"column":37}},"86":{"start":{"line":129,"column":12},"end":{"line":129,"column":35}},"87":{"start":{"line":130,"column":12},"end":{"line":130,"column":30}},"88":{"start":{"line":131,"column":12},"end":{"line":131,"column":32}},"89":{"start":{"line":132,"column":12},"end":{"line":132,"column":31}},"90":{"start":{"line":133,"column":12},"end":{"line":133,"column":35}},"91":{"start":{"line":134,"column":12},"end":{"line":134,"column":30}},"92":{"start":{"line":135,"column":12},"end":{"line":135,"column":30}},"93":{"start":{"line":136,"column":12},"end":{"line":136,"column":34}},"94":{"start":{"line":137,"column":12},"end":{"line":364,"column":15}},"95":{"start":{"line":138,"column":16},"end":{"line":138,"column":53}},"96":{"start":{"line":139,"column":16},"end":{"line":205,"column":17}},"97":{"start":{"line":140,"column":20},"end":{"line":165,"column":21}},"98":{"start":{"line":141,"column":24},"end":{"line":164,"column":25}},"99":{"start":{"line":142,"column":28},"end":{"line":163,"column":31}},"100":{"start":{"line":143,"column":32},"end":{"line":151,"column":33}},"101":{"start":{"line":144,"column":36},"end":{"line":150,"column":37}},"102":{"start":{"line":145,"column":40},"end":{"line":149,"column":43}},"103":{"start":{"line":146,"column":44},"end":{"line":148,"column":45}},"104":{"start":{"line":147,"column":48},"end":{"line":147,"column":88}},"105":{"start":{"line":152,"column":32},"end":{"line":162,"column":33}},"106":{"start":{"line":153,"column":36},"end":{"line":161,"column":37}},"107":{"start":{"line":154,"column":40},"end":{"line":160,"column":43}},"108":{"start":{"line":155,"column":44},"end":{"line":159,"column":45}},"109":{"start":{"line":156,"column":48},"end":{"line":156,"column":93}},"110":{"start":{"line":157,"column":48},"end":{"line":157,"column":79}},"111":{"start":{"line":158,"column":48},"end":{"line":158,"column":81}},"112":{"start":{"line":166,"column":20},"end":{"line":180,"column":21}},"113":{"start":{"line":167,"column":24},"end":{"line":179,"column":25}},"114":{"start":{"line":168,"column":28},"end":{"line":178,"column":31}},"115":{"start":{"line":169,"column":32},"end":{"line":177,"column":33}},"116":{"start":{"line":170,"column":36},"end":{"line":176,"column":37}},"117":{"start":{"line":171,"column":40},"end":{"line":175,"column":43}},"118":{"start":{"line":172,"column":44},"end":{"line":174,"column":45}},"119":{"start":{"line":173,"column":48},"end":{"line":173,"column":87}},"120":{"start":{"line":181,"column":20},"end":{"line":199,"column":21}},"121":{"start":{"line":182,"column":24},"end":{"line":198,"column":25}},"122":{"start":{"line":183,"column":28},"end":{"line":197,"column":31}},"123":{"start":{"line":184,"column":32},"end":{"line":196,"column":33}},"124":{"start":{"line":185,"column":36},"end":{"line":195,"column":37}},"125":{"start":{"line":186,"column":40},"end":{"line":194,"column":43}},"126":{"start":{"line":187,"column":44},"end":{"line":193,"column":45}},"127":{"start":{"line":188,"column":48},"end":{"line":192,"column":51}},"128":{"start":{"line":189,"column":52},"end":{"line":189,"column":90}},"129":{"start":{"line":190,"column":52},"end":{"line":190,"column":95}},"130":{"start":{"line":191,"column":52},"end":{"line":191,"column":70}},"131":{"start":{"line":200,"column":20},"end":{"line":204,"column":21}},"132":{"start":{"line":201,"column":24},"end":{"line":203,"column":27}},"133":{"start":{"line":202,"column":28},"end":{"line":202,"column":53}},"134":{"start":{"line":206,"column":16},"end":{"line":206,"column":47}},"135":{"start":{"line":207,"column":16},"end":{"line":207,"column":38}},"136":{"start":{"line":208,"column":16},"end":{"line":339,"column":19}},"137":{"start":{"line":209,"column":20},"end":{"line":210,"column":31}},"138":{"start":{"line":210,"column":24},"end":{"line":210,"column":31}},"139":{"start":{"line":211,"column":20},"end":{"line":338,"column":24}},"140":{"start":{"line":212,"column":24},"end":{"line":337,"column":27}},"141":{"start":{"line":213,"column":28},"end":{"line":213,"column":65}},"142":{"start":{"line":214,"column":28},"end":{"line":214,"column":48}},"143":{"start":{"line":215,"column":28},"end":{"line":236,"column":29}},"144":{"start":{"line":216,"column":32},"end":{"line":230,"column":33}},"145":{"start":{"line":217,"column":36},"end":{"line":229,"column":37}},"146":{"start":{"line":218,"column":40},"end":{"line":228,"column":43}},"147":{"start":{"line":219,"column":44},"end":{"line":227,"column":45}},"148":{"start":{"line":220,"column":48},"end":{"line":226,"column":49}},"149":{"start":{"line":221,"column":52},"end":{"line":225,"column":55}},"150":{"start":{"line":222,"column":56},"end":{"line":224,"column":57}},"151":{"start":{"line":223,"column":60},"end":{"line":223,"column":75}},"152":{"start":{"line":231,"column":32},"end":{"line":235,"column":33}},"153":{"start":{"line":232,"column":36},"end":{"line":234,"column":39}},"154":{"start":{"line":233,"column":40},"end":{"line":233,"column":64}},"155":{"start":{"line":237,"column":28},"end":{"line":237,"column":56}},"156":{"start":{"line":238,"column":28},"end":{"line":241,"column":29}},"157":{"start":{"line":239,"column":32},"end":{"line":239,"column":46}},"158":{"start":{"line":240,"column":32},"end":{"line":240,"column":39}},"159":{"start":{"line":242,"column":28},"end":{"line":334,"column":29}},"160":{"start":{"line":243,"column":32},"end":{"line":255,"column":33}},"161":{"start":{"line":244,"column":36},"end":{"line":254,"column":37}},"162":{"start":{"line":245,"column":40},"end":{"line":253,"column":43}},"163":{"start":{"line":246,"column":44},"end":{"line":252,"column":45}},"164":{"start":{"line":247,"column":48},"end":{"line":251,"column":49}},"165":{"start":{"line":248,"column":52},"end":{"line":250,"column":55}},"166":{"start":{"line":249,"column":56},"end":{"line":249,"column":92}},"167":{"start":{"line":256,"column":32},"end":{"line":268,"column":33}},"168":{"start":{"line":257,"column":36},"end":{"line":267,"column":37}},"169":{"start":{"line":258,"column":40},"end":{"line":266,"column":43}},"170":{"start":{"line":259,"column":44},"end":{"line":265,"column":45}},"171":{"start":{"line":260,"column":48},"end":{"line":264,"column":49}},"172":{"start":{"line":261,"column":52},"end":{"line":263,"column":55}},"173":{"start":{"line":262,"column":56},"end":{"line":262,"column":87}},"174":{"start":{"line":269,"column":32},"end":{"line":283,"column":33}},"175":{"start":{"line":270,"column":36},"end":{"line":282,"column":37}},"176":{"start":{"line":271,"column":40},"end":{"line":281,"column":43}},"177":{"start":{"line":272,"column":44},"end":{"line":280,"column":45}},"178":{"start":{"line":273,"column":48},"end":{"line":279,"column":49}},"179":{"start":{"line":274,"column":52},"end":{"line":278,"column":53}},"180":{"start":{"line":275,"column":56},"end":{"line":277,"column":59}},"181":{"start":{"line":276,"column":60},"end":{"line":276,"column":95}},"182":{"start":{"line":284,"column":32},"end":{"line":298,"column":33}},"183":{"start":{"line":285,"column":36},"end":{"line":297,"column":37}},"184":{"start":{"line":286,"column":40},"end":{"line":296,"column":43}},"185":{"start":{"line":287,"column":44},"end":{"line":295,"column":45}},"186":{"start":{"line":288,"column":48},"end":{"line":294,"column":49}},"187":{"start":{"line":289,"column":52},"end":{"line":293,"column":53}},"188":{"start":{"line":290,"column":56},"end":{"line":292,"column":59}},"189":{"start":{"line":291,"column":60},"end":{"line":291,"column":99}},"190":{"start":{"line":299,"column":32},"end":{"line":313,"column":33}},"191":{"start":{"line":300,"column":36},"end":{"line":312,"column":37}},"192":{"start":{"line":301,"column":40},"end":{"line":311,"column":43}},"193":{"start":{"line":302,"column":44},"end":{"line":310,"column":45}},"194":{"start":{"line":303,"column":48},"end":{"line":309,"column":49}},"195":{"start":{"line":304,"column":52},"end":{"line":308,"column":53}},"196":{"start":{"line":305,"column":56},"end":{"line":307,"column":59}},"197":{"start":{"line":306,"column":60},"end":{"line":306,"column":94}},"198":{"start":{"line":314,"column":32},"end":{"line":330,"column":33}},"199":{"start":{"line":315,"column":36},"end":{"line":329,"column":37}},"200":{"start":{"line":316,"column":40},"end":{"line":328,"column":43}},"201":{"start":{"line":317,"column":44},"end":{"line":327,"column":45}},"202":{"start":{"line":318,"column":48},"end":{"line":326,"column":49}},"203":{"start":{"line":319,"column":52},"end":{"line":325,"column":55}},"204":{"start":{"line":320,"column":56},"end":{"line":324,"column":57}},"205":{"start":{"line":321,"column":60},"end":{"line":323,"column":63}},"206":{"start":{"line":322,"column":64},"end":{"line":322,"column":96}},"207":{"start":{"line":331,"column":32},"end":{"line":333,"column":33}},"208":{"start":{"line":332,"column":36},"end":{"line":332,"column":69}},"209":{"start":{"line":335,"column":28},"end":{"line":335,"column":46}},"210":{"start":{"line":336,"column":28},"end":{"line":336,"column":42}},"211":{"start":{"line":340,"column":16},"end":{"line":363,"column":19}},"212":{"start":{"line":341,"column":20},"end":{"line":341,"column":39}},"213":{"start":{"line":342,"column":20},"end":{"line":342,"column":40}},"214":{"start":{"line":343,"column":20},"end":{"line":360,"column":21}},"215":{"start":{"line":344,"column":24},"end":{"line":348,"column":25}},"216":{"start":{"line":345,"column":28},"end":{"line":347,"column":29}},"217":{"start":{"line":346,"column":32},"end":{"line":346,"column":52}},"218":{"start":{"line":349,"column":24},"end":{"line":349,"column":44}},"219":{"start":{"line":350,"column":24},"end":{"line":350,"column":82}},"220":{"start":{"line":351,"column":24},"end":{"line":351,"column":84}},"221":{"start":{"line":352,"column":24},"end":{"line":352,"column":67}},"222":{"start":{"line":353,"column":24},"end":{"line":353,"column":101}},"223":{"start":{"line":354,"column":24},"end":{"line":354,"column":87}},"224":{"start":{"line":355,"column":24},"end":{"line":355,"column":65}},"225":{"start":{"line":356,"column":24},"end":{"line":356,"column":63}},"226":{"start":{"line":357,"column":24},"end":{"line":357,"column":73}},"227":{"start":{"line":358,"column":24},"end":{"line":358,"column":63}},"228":{"start":{"line":359,"column":24},"end":{"line":359,"column":51}},"229":{"start":{"line":361,"column":20},"end":{"line":361,"column":43}},"230":{"start":{"line":362,"column":20},"end":{"line":362,"column":39}},"231":{"start":{"line":367,"column":4},"end":{"line":408,"column":6}},"232":{"start":{"line":368,"column":8},"end":{"line":368,"column":76}},"233":{"start":{"line":369,"column":8},"end":{"line":369,"column":24}},"234":{"start":{"line":370,"column":8},"end":{"line":407,"column":11}},"235":{"start":{"line":371,"column":12},"end":{"line":406,"column":13}},"236":{"start":{"line":372,"column":16},"end":{"line":372,"column":40}},"237":{"start":{"line":373,"column":16},"end":{"line":401,"column":19}},"238":{"start":{"line":374,"column":20},"end":{"line":374,"column":95}},"239":{"start":{"line":375,"column":20},"end":{"line":375,"column":42}},"240":{"start":{"line":376,"column":20},"end":{"line":384,"column":21}},"241":{"start":{"line":377,"column":24},"end":{"line":377,"column":80}},"242":{"start":{"line":379,"column":25},"end":{"line":384,"column":21}},"243":{"start":{"line":380,"column":24},"end":{"line":380,"column":78}},"244":{"start":{"line":383,"column":24},"end":{"line":383,"column":70}},"245":{"start":{"line":385,"column":20},"end":{"line":397,"column":23}},"246":{"start":{"line":386,"column":24},"end":{"line":394,"column":27}},"247":{"start":{"line":387,"column":28},"end":{"line":391,"column":31}},"248":{"start":{"line":388,"column":32},"end":{"line":388,"column":49}},"249":{"start":{"line":390,"column":32},"end":{"line":390,"column":44}},"250":{"start":{"line":393,"column":28},"end":{"line":393,"column":40}},"251":{"start":{"line":396,"column":24},"end":{"line":396,"column":36}},"252":{"start":{"line":399,"column":20},"end":{"line":399,"column":105}},"253":{"start":{"line":400,"column":20},"end":{"line":400,"column":32}},"254":{"start":{"line":404,"column":16},"end":{"line":404,"column":87}},"255":{"start":{"line":405,"column":16},"end":{"line":405,"column":28}},"256":{"start":{"line":409,"column":4},"end":{"line":433,"column":6}},"257":{"start":{"line":410,"column":8},"end":{"line":410,"column":24}},"258":{"start":{"line":411,"column":8},"end":{"line":432,"column":11}},"259":{"start":{"line":412,"column":12},"end":{"line":412,"column":30}},"260":{"start":{"line":413,"column":12},"end":{"line":415,"column":13}},"261":{"start":{"line":414,"column":16},"end":{"line":414,"column":30}},"262":{"start":{"line":416,"column":12},"end":{"line":416,"column":49}},"263":{"start":{"line":417,"column":12},"end":{"line":417,"column":94}},"264":{"start":{"line":418,"column":12},"end":{"line":431,"column":15}},"265":{"start":{"line":419,"column":16},"end":{"line":420,"column":17}},"266":{"start":{"line":421,"column":16},"end":{"line":421,"column":57}},"267":{"start":{"line":422,"column":16},"end":{"line":422,"column":100}},"268":{"start":{"line":423,"column":16},"end":{"line":423,"column":59}},"269":{"start":{"line":424,"column":16},"end":{"line":430,"column":19}},"270":{"start":{"line":425,"column":20},"end":{"line":425,"column":113}},"271":{"start":{"line":426,"column":20},"end":{"line":426,"column":37}},"272":{"start":{"line":428,"column":20},"end":{"line":428,"column":71}},"273":{"start":{"line":429,"column":20},"end":{"line":429,"column":29}},"274":{"start":{"line":434,"column":4},"end":{"line":457,"column":6}},"275":{"start":{"line":435,"column":8},"end":{"line":435,"column":24}},"276":{"start":{"line":436,"column":8},"end":{"line":456,"column":11}},"277":{"start":{"line":437,"column":12},"end":{"line":437,"column":42}},"278":{"start":{"line":438,"column":12},"end":{"line":438,"column":50}},"279":{"start":{"line":439,"column":12},"end":{"line":439,"column":101}},"280":{"start":{"line":440,"column":12},"end":{"line":455,"column":15}},"281":{"start":{"line":441,"column":16},"end":{"line":454,"column":17}},"282":{"start":{"line":442,"column":20},"end":{"line":449,"column":21}},"283":{"start":{"line":443,"column":24},"end":{"line":443,"column":115}},"284":{"start":{"line":444,"column":24},"end":{"line":444,"column":36}},"285":{"start":{"line":447,"column":24},"end":{"line":447,"column":118}},"286":{"start":{"line":448,"column":24},"end":{"line":448,"column":37}},"287":{"start":{"line":452,"column":20},"end":{"line":452,"column":106}},"288":{"start":{"line":453,"column":20},"end":{"line":453,"column":33}},"289":{"start":{"line":458,"column":4},"end":{"line":484,"column":6}},"290":{"start":{"line":485,"column":4},"end":{"line":485,"column":45}},"291":{"start":{"line":486,"column":4},"end":{"line":486,"column":29}},"292":{"start":{"line":488,"column":0},"end":{"line":488,"column":62}},"293":{"start":{"line":489,"column":0},"end":{"line":489,"column":36}}},"branchMap":{"1":{"line":13,"type":"if","locations":[{"start":{"line":13,"column":8},"end":{"line":13,"column":8}},{"start":{"line":13,"column":8},"end":{"line":13,"column":8}}]},"2":{"line":27,"type":"if","locations":[{"start":{"line":27,"column":16},"end":{"line":27,"column":16}},{"start":{"line":27,"column":16},"end":{"line":27,"column":16}}]},"3":{"line":36,"type":"if","locations":[{"start":{"line":36,"column":24},"end":{"line":36,"column":24}},{"start":{"line":36,"column":24},"end":{"line":36,"column":24}}]},"4":{"line":36,"type":"binary-expr","locations":[{"start":{"line":36,"column":28},"end":{"line":36,"column":31}},{"start":{"line":36,"column":35},"end":{"line":36,"column":55}}]},"5":{"line":39,"type":"if","locations":[{"start":{"line":39,"column":28},"end":{"line":39,"column":28}},{"start":{"line":39,"column":28},"end":{"line":39,"column":28}}]},"6":{"line":43,"type":"if","locations":[{"start":{"line":43,"column":32},"end":{"line":43,"column":32}},{"start":{"line":43,"column":32},"end":{"line":43,"column":32}}]},"7":{"line":43,"type":"binary-expr","locations":[{"start":{"line":43,"column":36},"end":{"line":43,"column":52}},{"start":{"line":43,"column":56},"end":{"line":43,"column":112}}]},"8":{"line":46,"type":"if","locations":[{"start":{"line":46,"column":44},"end":{"line":46,"column":44}},{"start":{"line":46,"column":44},"end":{"line":46,"column":44}}]},"9":{"line":78,"type":"if","locations":[{"start":{"line":78,"column":16},"end":{"line":78,"column":16}},{"start":{"line":78,"column":16},"end":{"line":78,"column":16}}]},"10":{"line":78,"type":"binary-expr","locations":[{"start":{"line":78,"column":20},"end":{"line":78,"column":35}},{"start":{"line":78,"column":39},"end":{"line":78,"column":53}},{"start":{"line":78,"column":57},"end":{"line":78,"column":66}}]},"11":{"line":82,"type":"if","locations":[{"start":{"line":82,"column":28},"end":{"line":82,"column":28}},{"start":{"line":82,"column":28},"end":{"line":82,"column":28}}]},"12":{"line":89,"type":"if","locations":[{"start":{"line":89,"column":40},"end":{"line":89,"column":40}},{"start":{"line":89,"column":40},"end":{"line":89,"column":40}}]},"13":{"line":96,"type":"if","locations":[{"start":{"line":96,"column":36},"end":{"line":96,"column":36}},{"start":{"line":96,"column":36},"end":{"line":96,"column":36}}]},"14":{"line":113,"type":"if","locations":[{"start":{"line":113,"column":16},"end":{"line":113,"column":16}},{"start":{"line":113,"column":16},"end":{"line":113,"column":16}}]},"15":{"line":140,"type":"if","locations":[{"start":{"line":140,"column":20},"end":{"line":140,"column":20}},{"start":{"line":140,"column":20},"end":{"line":140,"column":20}}]},"16":{"line":141,"type":"if","locations":[{"start":{"line":141,"column":24},"end":{"line":141,"column":24}},{"start":{"line":141,"column":24},"end":{"line":141,"column":24}}]},"17":{"line":143,"type":"if","locations":[{"start":{"line":143,"column":32},"end":{"line":143,"column":32}},{"start":{"line":143,"column":32},"end":{"line":143,"column":32}}]},"18":{"line":143,"type":"binary-expr","locations":[{"start":{"line":143,"column":36},"end":{"line":143,"column":56}},{"start":{"line":143,"column":60},"end":{"line":143,"column":119}}]},"19":{"line":144,"type":"if","locations":[{"start":{"line":144,"column":36},"end":{"line":144,"column":36}},{"start":{"line":144,"column":36},"end":{"line":144,"column":36}}]},"20":{"line":146,"type":"if","locations":[{"start":{"line":146,"column":44},"end":{"line":146,"column":44}},{"start":{"line":146,"column":44},"end":{"line":146,"column":44}}]},"21":{"line":152,"type":"if","locations":[{"start":{"line":152,"column":32},"end":{"line":152,"column":32}},{"start":{"line":152,"column":32},"end":{"line":152,"column":32}}]},"22":{"line":152,"type":"binary-expr","locations":[{"start":{"line":152,"column":36},"end":{"line":152,"column":56}},{"start":{"line":152,"column":60},"end":{"line":152,"column":122}}]},"23":{"line":153,"type":"if","locations":[{"start":{"line":153,"column":36},"end":{"line":153,"column":36}},{"start":{"line":153,"column":36},"end":{"line":153,"column":36}}]},"24":{"line":155,"type":"if","locations":[{"start":{"line":155,"column":44},"end":{"line":155,"column":44}},{"start":{"line":155,"column":44},"end":{"line":155,"column":44}}]},"25":{"line":166,"type":"if","locations":[{"start":{"line":166,"column":20},"end":{"line":166,"column":20}},{"start":{"line":166,"column":20},"end":{"line":166,"column":20}}]},"26":{"line":167,"type":"if","locations":[{"start":{"line":167,"column":24},"end":{"line":167,"column":24}},{"start":{"line":167,"column":24},"end":{"line":167,"column":24}}]},"27":{"line":169,"type":"if","locations":[{"start":{"line":169,"column":32},"end":{"line":169,"column":32}},{"start":{"line":169,"column":32},"end":{"line":169,"column":32}}]},"28":{"line":169,"type":"binary-expr","locations":[{"start":{"line":169,"column":36},"end":{"line":169,"column":56}},{"start":{"line":169,"column":60},"end":{"line":169,"column":100}}]},"29":{"line":170,"type":"if","locations":[{"start":{"line":170,"column":36},"end":{"line":170,"column":36}},{"start":{"line":170,"column":36},"end":{"line":170,"column":36}}]},"30":{"line":172,"type":"if","locations":[{"start":{"line":172,"column":44},"end":{"line":172,"column":44}},{"start":{"line":172,"column":44},"end":{"line":172,"column":44}}]},"31":{"line":181,"type":"if","locations":[{"start":{"line":181,"column":20},"end":{"line":181,"column":20}},{"start":{"line":181,"column":20},"end":{"line":181,"column":20}}]},"32":{"line":181,"type":"binary-expr","locations":[{"start":{"line":181,"column":24},"end":{"line":181,"column":37}},{"start":{"line":181,"column":41},"end":{"line":181,"column":62}}]},"33":{"line":182,"type":"if","locations":[{"start":{"line":182,"column":24},"end":{"line":182,"column":24}},{"start":{"line":182,"column":24},"end":{"line":182,"column":24}}]},"34":{"line":184,"type":"if","locations":[{"start":{"line":184,"column":32},"end":{"line":184,"column":32}},{"start":{"line":184,"column":32},"end":{"line":184,"column":32}}]},"35":{"line":185,"type":"if","locations":[{"start":{"line":185,"column":36},"end":{"line":185,"column":36}},{"start":{"line":185,"column":36},"end":{"line":185,"column":36}}]},"36":{"line":187,"type":"if","locations":[{"start":{"line":187,"column":44},"end":{"line":187,"column":44}},{"start":{"line":187,"column":44},"end":{"line":187,"column":44}}]},"37":{"line":200,"type":"if","locations":[{"start":{"line":200,"column":20},"end":{"line":200,"column":20}},{"start":{"line":200,"column":20},"end":{"line":200,"column":20}}]},"38":{"line":209,"type":"if","locations":[{"start":{"line":209,"column":20},"end":{"line":209,"column":20}},{"start":{"line":209,"column":20},"end":{"line":209,"column":20}}]},"39":{"line":216,"type":"if","locations":[{"start":{"line":216,"column":32},"end":{"line":216,"column":32}},{"start":{"line":216,"column":32},"end":{"line":216,"column":32}}]},"40":{"line":216,"type":"binary-expr","locations":[{"start":{"line":216,"column":36},"end":{"line":216,"column":49}},{"start":{"line":216,"column":53},"end":{"line":216,"column":75}}]},"41":{"line":217,"type":"if","locations":[{"start":{"line":217,"column":36},"end":{"line":217,"column":36}},{"start":{"line":217,"column":36},"end":{"line":217,"column":36}}]},"42":{"line":219,"type":"if","locations":[{"start":{"line":219,"column":44},"end":{"line":219,"column":44}},{"start":{"line":219,"column":44},"end":{"line":219,"column":44}}]},"43":{"line":219,"type":"binary-expr","locations":[{"start":{"line":219,"column":48},"end":{"line":219,"column":68}},{"start":{"line":219,"column":72},"end":{"line":219,"column":129}}]},"44":{"line":220,"type":"if","locations":[{"start":{"line":220,"column":48},"end":{"line":220,"column":48}},{"start":{"line":220,"column":48},"end":{"line":220,"column":48}}]},"45":{"line":222,"type":"if","locations":[{"start":{"line":222,"column":56},"end":{"line":222,"column":56}},{"start":{"line":222,"column":56},"end":{"line":222,"column":56}}]},"46":{"line":231,"type":"if","locations":[{"start":{"line":231,"column":32},"end":{"line":231,"column":32}},{"start":{"line":231,"column":32},"end":{"line":231,"column":32}}]},"47":{"line":238,"type":"if","locations":[{"start":{"line":238,"column":28},"end":{"line":238,"column":28}},{"start":{"line":238,"column":28},"end":{"line":238,"column":28}}]},"48":{"line":243,"type":"if","locations":[{"start":{"line":243,"column":32},"end":{"line":243,"column":32}},{"start":{"line":243,"column":32},"end":{"line":243,"column":32}}]},"49":{"line":243,"type":"binary-expr","locations":[{"start":{"line":243,"column":36},"end":{"line":243,"column":49}},{"start":{"line":243,"column":53},"end":{"line":243,"column":74}}]},"50":{"line":244,"type":"if","locations":[{"start":{"line":244,"column":36},"end":{"line":244,"column":36}},{"start":{"line":244,"column":36},"end":{"line":244,"column":36}}]},"51":{"line":246,"type":"if","locations":[{"start":{"line":246,"column":44},"end":{"line":246,"column":44}},{"start":{"line":246,"column":44},"end":{"line":246,"column":44}}]},"52":{"line":246,"type":"binary-expr","locations":[{"start":{"line":246,"column":48},"end":{"line":246,"column":68}},{"start":{"line":246,"column":72},"end":{"line":246,"column":100}}]},"53":{"line":247,"type":"if","locations":[{"start":{"line":247,"column":48},"end":{"line":247,"column":48}},{"start":{"line":247,"column":48},"end":{"line":247,"column":48}}]},"54":{"line":256,"type":"if","locations":[{"start":{"line":256,"column":32},"end":{"line":256,"column":32}},{"start":{"line":256,"column":32},"end":{"line":256,"column":32}}]},"55":{"line":256,"type":"binary-expr","locations":[{"start":{"line":256,"column":36},"end":{"line":256,"column":49}},{"start":{"line":256,"column":53},"end":{"line":256,"column":77}}]},"56":{"line":257,"type":"if","locations":[{"start":{"line":257,"column":36},"end":{"line":257,"column":36}},{"start":{"line":257,"column":36},"end":{"line":257,"column":36}}]},"57":{"line":259,"type":"if","locations":[{"start":{"line":259,"column":44},"end":{"line":259,"column":44}},{"start":{"line":259,"column":44},"end":{"line":259,"column":44}}]},"58":{"line":259,"type":"binary-expr","locations":[{"start":{"line":259,"column":48},"end":{"line":259,"column":68}},{"start":{"line":259,"column":72},"end":{"line":259,"column":101}}]},"59":{"line":260,"type":"if","locations":[{"start":{"line":260,"column":48},"end":{"line":260,"column":48}},{"start":{"line":260,"column":48},"end":{"line":260,"column":48}}]},"60":{"line":269,"type":"if","locations":[{"start":{"line":269,"column":32},"end":{"line":269,"column":32}},{"start":{"line":269,"column":32},"end":{"line":269,"column":32}}]},"61":{"line":269,"type":"binary-expr","locations":[{"start":{"line":269,"column":36},"end":{"line":269,"column":49}},{"start":{"line":269,"column":53},"end":{"line":269,"column":75}}]},"62":{"line":270,"type":"if","locations":[{"start":{"line":270,"column":36},"end":{"line":270,"column":36}},{"start":{"line":270,"column":36},"end":{"line":270,"column":36}}]},"63":{"line":272,"type":"if","locations":[{"start":{"line":272,"column":44},"end":{"line":272,"column":44}},{"start":{"line":272,"column":44},"end":{"line":272,"column":44}}]},"64":{"line":273,"type":"if","locations":[{"start":{"line":273,"column":48},"end":{"line":273,"column":48}},{"start":{"line":273,"column":48},"end":{"line":273,"column":48}}]},"65":{"line":274,"type":"if","locations":[{"start":{"line":274,"column":52},"end":{"line":274,"column":52}},{"start":{"line":274,"column":52},"end":{"line":274,"column":52}}]},"66":{"line":284,"type":"if","locations":[{"start":{"line":284,"column":32},"end":{"line":284,"column":32}},{"start":{"line":284,"column":32},"end":{"line":284,"column":32}}]},"67":{"line":284,"type":"binary-expr","locations":[{"start":{"line":284,"column":36},"end":{"line":284,"column":49}},{"start":{"line":284,"column":53},"end":{"line":284,"column":75}}]},"68":{"line":285,"type":"if","locations":[{"start":{"line":285,"column":36},"end":{"line":285,"column":36}},{"start":{"line":285,"column":36},"end":{"line":285,"column":36}}]},"69":{"line":287,"type":"if","locations":[{"start":{"line":287,"column":44},"end":{"line":287,"column":44}},{"start":{"line":287,"column":44},"end":{"line":287,"column":44}}]},"70":{"line":288,"type":"if","locations":[{"start":{"line":288,"column":48},"end":{"line":288,"column":48}},{"start":{"line":288,"column":48},"end":{"line":288,"column":48}}]},"71":{"line":289,"type":"if","locations":[{"start":{"line":289,"column":52},"end":{"line":289,"column":52}},{"start":{"line":289,"column":52},"end":{"line":289,"column":52}}]},"72":{"line":299,"type":"if","locations":[{"start":{"line":299,"column":32},"end":{"line":299,"column":32}},{"start":{"line":299,"column":32},"end":{"line":299,"column":32}}]},"73":{"line":299,"type":"binary-expr","locations":[{"start":{"line":299,"column":36},"end":{"line":299,"column":49}},{"start":{"line":299,"column":53},"end":{"line":299,"column":75}}]},"74":{"line":300,"type":"if","locations":[{"start":{"line":300,"column":36},"end":{"line":300,"column":36}},{"start":{"line":300,"column":36},"end":{"line":300,"column":36}}]},"75":{"line":302,"type":"if","locations":[{"start":{"line":302,"column":44},"end":{"line":302,"column":44}},{"start":{"line":302,"column":44},"end":{"line":302,"column":44}}]},"76":{"line":303,"type":"if","locations":[{"start":{"line":303,"column":48},"end":{"line":303,"column":48}},{"start":{"line":303,"column":48},"end":{"line":303,"column":48}}]},"77":{"line":304,"type":"if","locations":[{"start":{"line":304,"column":52},"end":{"line":304,"column":52}},{"start":{"line":304,"column":52},"end":{"line":304,"column":52}}]},"78":{"line":314,"type":"if","locations":[{"start":{"line":314,"column":32},"end":{"line":314,"column":32}},{"start":{"line":314,"column":32},"end":{"line":314,"column":32}}]},"79":{"line":314,"type":"binary-expr","locations":[{"start":{"line":314,"column":36},"end":{"line":314,"column":49}},{"start":{"line":314,"column":53},"end":{"line":314,"column":74}}]},"80":{"line":315,"type":"if","locations":[{"start":{"line":315,"column":36},"end":{"line":315,"column":36}},{"start":{"line":315,"column":36},"end":{"line":315,"column":36}}]},"81":{"line":317,"type":"if","locations":[{"start":{"line":317,"column":44},"end":{"line":317,"column":44}},{"start":{"line":317,"column":44},"end":{"line":317,"column":44}}]},"82":{"line":318,"type":"if","locations":[{"start":{"line":318,"column":48},"end":{"line":318,"column":48}},{"start":{"line":318,"column":48},"end":{"line":318,"column":48}}]},"83":{"line":320,"type":"if","locations":[{"start":{"line":320,"column":56},"end":{"line":320,"column":56}},{"start":{"line":320,"column":56},"end":{"line":320,"column":56}}]},"84":{"line":331,"type":"if","locations":[{"start":{"line":331,"column":32},"end":{"line":331,"column":32}},{"start":{"line":331,"column":32},"end":{"line":331,"column":32}}]},"85":{"line":345,"type":"if","locations":[{"start":{"line":345,"column":28},"end":{"line":345,"column":28}},{"start":{"line":345,"column":28},"end":{"line":345,"column":28}}]},"86":{"line":376,"type":"if","locations":[{"start":{"line":376,"column":20},"end":{"line":376,"column":20}},{"start":{"line":376,"column":20},"end":{"line":376,"column":20}}]},"87":{"line":379,"type":"if","locations":[{"start":{"line":379,"column":25},"end":{"line":379,"column":25}},{"start":{"line":379,"column":25},"end":{"line":379,"column":25}}]},"88":{"line":413,"type":"if","locations":[{"start":{"line":413,"column":12},"end":{"line":413,"column":12}},{"start":{"line":413,"column":12},"end":{"line":413,"column":12}}]},"89":{"line":419,"type":"if","locations":[{"start":{"line":419,"column":16},"end":{"line":419,"column":16}},{"start":{"line":419,"column":16},"end":{"line":419,"column":16}}]},"90":{"line":419,"type":"binary-expr","locations":[{"start":{"line":419,"column":20},"end":{"line":419,"column":23}},{"start":{"line":419,"column":27},"end":{"line":419,"column":47}}]},"91":{"line":441,"type":"if","locations":[{"start":{"line":441,"column":16},"end":{"line":441,"column":16}},{"start":{"line":441,"column":16},"end":{"line":441,"column":16}}]},"92":{"line":442,"type":"if","locations":[{"start":{"line":442,"column":20},"end":{"line":442,"column":20}},{"start":{"line":442,"column":20},"end":{"line":442,"column":20}}]}}},"/Users/Daniel/Desktop/cpsc310project/src/Util.js":{"path":"/Users/Daniel/Desktop/cpsc310project/src/Util.js","s":{"1":1,"2":1,"3":1,"4":556,"5":1,"6":0,"7":1,"8":0,"9":1,"10":1,"11":1,"12":74,"13":1,"14":1,"15":1},"b":{},"f":{"1":1,"2":0,"3":556,"4":0,"5":0,"6":1,"7":74},"fnMap":{"1":{"name":"(anonymous_1)","line":2,"loc":{"start":{"line":2,"column":11},"end":{"line":2,"column":23}}},"2":{"name":"Log","line":3,"loc":{"start":{"line":3,"column":4},"end":{"line":3,"column":19}}},"3":{"name":"(anonymous_3)","line":5,"loc":{"start":{"line":5,"column":16},"end":{"line":5,"column":31}}},"4":{"name":"(anonymous_4)","line":8,"loc":{"start":{"line":8,"column":15},"end":{"line":8,"column":30}}},"5":{"name":"(anonymous_5)","line":11,"loc":{"start":{"line":11,"column":15},"end":{"line":11,"column":30}}},"6":{"name":"(anonymous_6)","line":14,"loc":{"start":{"line":14,"column":16},"end":{"line":14,"column":31}}},"7":{"name":"(anonymous_7)","line":17,"loc":{"start":{"line":17,"column":15},"end":{"line":17,"column":30}}}},"statementMap":{"1":{"start":{"line":2,"column":0},"end":{"line":21,"column":5}},"2":{"start":{"line":3,"column":4},"end":{"line":4,"column":5}},"3":{"start":{"line":5,"column":4},"end":{"line":7,"column":6}},"4":{"start":{"line":6,"column":8},"end":{"line":6,"column":71}},"5":{"start":{"line":8,"column":4},"end":{"line":10,"column":6}},"6":{"start":{"line":9,"column":8},"end":{"line":9,"column":71}},"7":{"start":{"line":11,"column":4},"end":{"line":13,"column":6}},"8":{"start":{"line":12,"column":8},"end":{"line":12,"column":73}},"9":{"start":{"line":14,"column":4},"end":{"line":16,"column":6}},"10":{"start":{"line":15,"column":8},"end":{"line":15,"column":73}},"11":{"start":{"line":17,"column":4},"end":{"line":19,"column":6}},"12":{"start":{"line":18,"column":8},"end":{"line":18,"column":71}},"13":{"start":{"line":20,"column":4},"end":{"line":20,"column":15}},"14":{"start":{"line":22,"column":0},"end":{"line":22,"column":62}},"15":{"start":{"line":23,"column":0},"end":{"line":23,"column":22}}},"branchMap":{}},"/Users/Daniel/Desktop/cpsc310project/src/controller/InsightFacade.js":{"path":"/Users/Daniel/Desktop/cpsc310project/src/controller/InsightFacade.js","s":{"1":1,"2":1,"3":1,"4":1,"5":1,"6":1,"7":4,"8":4,"9":1,"10":1,"11":3,"12":3,"13":1,"14":2,"15":2,"16":2,"17":2,"18":0,"19":0,"20":1,"21":22,"22":22,"23":22,"24":22,"25":12,"26":1,"27":1,"28":11,"29":10,"30":10,"31":1,"32":1,"33":1,"34":1},"b":{"1":[1,11]},"f":{"1":1,"2":10,"3":4,"4":4,"5":1,"6":3,"7":2,"8":2,"9":2,"10":0,"11":22,"12":22,"13":22,"14":10},"fnMap":{"1":{"name":"(anonymous_1)","line":5,"loc":{"start":{"line":5,"column":21},"end":{"line":5,"column":33}}},"2":{"name":"InsightFacade","line":6,"loc":{"start":{"line":6,"column":4},"end":{"line":6,"column":29}}},"3":{"name":"(anonymous_3)","line":8,"loc":{"start":{"line":8,"column":41},"end":{"line":8,"column":64}}},"4":{"name":"(anonymous_4)","line":9,"loc":{"start":{"line":9,"column":27},"end":{"line":9,"column":54}}},"5":{"name":"(anonymous_5)","line":10,"loc":{"start":{"line":10,"column":70},"end":{"line":10,"column":89}}},"6":{"name":"(anonymous_6)","line":13,"loc":{"start":{"line":13,"column":21},"end":{"line":13,"column":36}}},"7":{"name":"(anonymous_7)","line":19,"loc":{"start":{"line":19,"column":44},"end":{"line":19,"column":58}}},"8":{"name":"(anonymous_8)","line":20,"loc":{"start":{"line":20,"column":27},"end":{"line":20,"column":54}}},"9":{"name":"(anonymous_9)","line":21,"loc":{"start":{"line":21,"column":67},"end":{"line":21,"column":86}}},"10":{"name":"(anonymous_10)","line":24,"loc":{"start":{"line":24,"column":21},"end":{"line":24,"column":36}}},"11":{"name":"(anonymous_11)","line":30,"loc":{"start":{"line":30,"column":43},"end":{"line":30,"column":60}}},"12":{"name":"(anonymous_12)","line":31,"loc":{"start":{"line":31,"column":27},"end":{"line":31,"column":54}}},"13":{"name":"(anonymous_13)","line":32,"loc":{"start":{"line":32,"column":63},"end":{"line":32,"column":83}}},"14":{"name":"(anonymous_14)","line":42,"loc":{"start":{"line":42,"column":21},"end":{"line":42,"column":36}}}},"statementMap":{"1":{"start":{"line":2,"column":0},"end":{"line":2,"column":32}},"2":{"start":{"line":3,"column":0},"end":{"line":3,"column":57}},"3":{"start":{"line":4,"column":0},"end":{"line":4,"column":65}},"4":{"start":{"line":5,"column":0},"end":{"line":50,"column":5}},"5":{"start":{"line":6,"column":4},"end":{"line":7,"column":5}},"6":{"start":{"line":8,"column":4},"end":{"line":18,"column":6}},"7":{"start":{"line":9,"column":8},"end":{"line":17,"column":11}},"8":{"start":{"line":10,"column":12},"end":{"line":16,"column":15}},"9":{"start":{"line":11,"column":16},"end":{"line":11,"column":103}},"10":{"start":{"line":12,"column":16},"end":{"line":12,"column":71}},"11":{"start":{"line":14,"column":16},"end":{"line":14,"column":94}},"12":{"start":{"line":15,"column":16},"end":{"line":15,"column":68}},"13":{"start":{"line":19,"column":4},"end":{"line":29,"column":6}},"14":{"start":{"line":20,"column":8},"end":{"line":28,"column":11}},"15":{"start":{"line":21,"column":12},"end":{"line":27,"column":15}},"16":{"start":{"line":22,"column":16},"end":{"line":22,"column":106}},"17":{"start":{"line":23,"column":16},"end":{"line":23,"column":71}},"18":{"start":{"line":25,"column":16},"end":{"line":25,"column":97}},"19":{"start":{"line":26,"column":16},"end":{"line":26,"column":68}},"20":{"start":{"line":30,"column":4},"end":{"line":47,"column":6}},"21":{"start":{"line":31,"column":8},"end":{"line":46,"column":11}},"22":{"start":{"line":32,"column":12},"end":{"line":45,"column":15}},"23":{"start":{"line":33,"column":16},"end":{"line":33,"column":73}},"24":{"start":{"line":34,"column":16},"end":{"line":34,"column":53}},"25":{"start":{"line":35,"column":16},"end":{"line":41,"column":17}},"26":{"start":{"line":36,"column":20},"end":{"line":36,"column":111}},"27":{"start":{"line":37,"column":20},"end":{"line":37,"column":56}},"28":{"start":{"line":40,"column":20},"end":{"line":40,"column":57}},"29":{"start":{"line":43,"column":16},"end":{"line":43,"column":96}},"30":{"start":{"line":44,"column":16},"end":{"line":44,"column":68}},"31":{"start":{"line":48,"column":4},"end":{"line":48,"column":72}},"32":{"start":{"line":49,"column":4},"end":{"line":49,"column":25}},"33":{"start":{"line":51,"column":0},"end":{"line":51,"column":62}},"34":{"start":{"line":52,"column":0},"end":{"line":52,"column":32}}},"branchMap":{"1":{"line":35,"type":"if","locations":[{"start":{"line":35,"column":16},"end":{"line":35,"column":16}},{"start":{"line":35,"column":16},"end":{"line":35,"column":16}}]}}},"/Users/Daniel/Desktop/cpsc310project/src/controller/QueryController.js":{"path":"/Users/Daniel/Desktop/cpsc310project/src/controller/QueryController.js","s":{"1":1,"2":9,"3":14,"4":14,"5":1,"6":9,"7":9,"8":1,"9":1,"10":1,"11":1,"12":1,"13":25,"14":1,"15":25,"16":1,"17":52,"18":1,"19":51,"20":51,"21":49,"22":1,"23":48,"24":8,"25":40,"26":18,"27":22,"28":18,"29":4,"30":3,"31":1,"32":48,"33":3,"34":48,"35":1,"36":133290,"37":1,"38":1,"39":1,"40":1,"41":1,"42":8,"43":8,"44":1,"45":6,"46":1,"47":6,"48":6,"49":16,"50":16,"51":1,"52":48,"53":1,"54":14,"55":1,"56":13,"57":1,"58":12,"59":12,"60":24,"61":11,"62":1,"63":10,"64":5,"65":5,"66":3,"67":2,"68":1,"69":1,"70":1,"71":1,"72":1,"73":5,"74":1,"75":133311,"76":213385,"77":132427,"78":884,"79":1,"80":1,"81":1,"82":1,"83":1,"84":3,"85":1,"86":88865,"87":176871,"88":1195,"89":87670,"90":1,"91":1,"92":1,"93":1,"94":1,"95":17,"96":17,"97":17,"98":1,"99":40,"100":1,"101":24,"102":1,"103":23,"104":23,"105":23,"106":23,"107":22,"108":22,"109":22,"110":3,"111":22,"112":2,"113":20,"114":1,"115":20,"116":1,"117":19,"118":4,"119":15,"120":11,"121":4,"122":2,"123":2,"124":1,"125":1,"126":1,"127":1,"128":1,"129":4,"130":1,"131":8,"132":1,"133":1,"134":1,"135":1,"136":1,"137":11,"138":1,"139":133336,"140":1,"141":1,"142":1,"143":1,"144":1,"145":2,"146":1,"147":44294,"148":1,"149":1,"150":1,"151":1,"152":1,"153":18,"154":18,"155":18,"156":18,"157":2,"158":2,"159":18,"160":3,"161":3,"162":1,"163":22,"164":1,"165":22,"166":1,"167":21,"168":21,"169":21,"170":21,"171":20,"172":20,"173":1,"174":20,"175":1,"176":19,"177":18,"178":1,"179":1,"180":212710,"181":1,"182":212709,"183":212709,"184":212709,"185":1,"186":1,"187":1,"188":1,"189":1,"190":3,"191":3,"192":1,"193":1,"194":1,"195":1,"196":1,"197":1,"198":4,"199":1,"200":5,"201":1,"202":4,"203":3,"204":1,"205":1,"206":725,"207":1,"208":1,"209":1,"210":1,"211":52,"212":52,"213":1,"214":2,"215":1,"216":1,"217":1,"218":55,"219":55,"220":55,"221":55,"222":55,"223":55,"224":55,"225":55,"226":53,"227":115,"228":1,"229":52,"230":2,"231":52,"232":114,"233":114,"234":114,"235":45,"236":69,"237":69,"238":114,"239":52,"240":52,"241":52,"242":49,"243":49,"244":3,"245":3,"246":1,"247":46,"248":45,"249":45,"250":1,"251":44,"252":1,"253":43,"254":80,"255":80,"256":1,"257":79,"258":5,"259":37,"260":1,"261":3,"262":42,"263":42,"264":42,"265":42,"266":42,"267":30,"268":30,"269":1,"270":29,"271":1,"272":28,"273":28,"274":32,"275":32,"276":32,"277":2,"278":30,"279":1,"280":29,"281":29,"282":25,"283":25,"284":2,"285":23,"286":23,"287":27,"288":27,"289":27,"290":2,"291":25,"292":25,"293":26,"294":1,"295":25,"296":25,"297":3,"298":22,"299":22,"300":22,"301":23,"302":1,"303":22,"304":22,"305":22,"306":1,"307":21,"308":21,"309":60,"310":20,"311":20,"312":1,"313":19,"314":19,"315":20,"316":1,"317":19,"318":19,"319":19,"320":13,"321":13,"322":17,"323":17,"324":3,"325":10,"326":11,"327":11,"328":1,"329":12,"330":2,"331":10,"332":2,"333":8,"334":2,"335":6,"336":15,"337":15,"338":15,"339":32,"340":22,"341":21,"342":21,"343":1,"344":14,"345":14,"346":14,"347":14,"348":15,"349":3,"350":12,"351":14,"352":2,"353":12,"354":0,"355":12,"356":12,"357":12,"358":12,"359":12,"360":355529,"361":355529,"362":137455,"363":137455,"364":1374549,"365":137455,"366":137455,"367":12,"368":12,"369":4,"370":4,"371":4,"372":1765410,"373":1765410,"374":1765410,"375":1765410,"376":2377814,"377":2377814,"378":2377814,"379":1765410,"380":124192,"381":1641218,"382":584988,"383":1056230,"384":4,"385":4,"386":4,"387":4,"388":134065,"389":134065,"390":134061,"391":134061,"392":266542,"393":266542,"394":9895,"395":9895,"396":134061,"397":9895,"398":9895,"399":134065,"400":134065,"401":4,"402":4,"403":4,"404":4,"405":4,"406":9899,"407":461894,"408":9899,"409":9899,"410":9899,"411":19745,"412":19745,"413":9899,"414":13181,"415":13181,"416":13181,"417":13181,"418":9899,"419":3282,"420":9899,"421":124166,"422":124166,"423":165314,"424":165314,"425":165314,"426":165314,"427":41148,"428":124166,"429":0,"430":124166,"431":83018,"432":41148,"433":9899,"434":13181,"435":13181,"436":13181,"437":13181,"438":6617,"439":6617,"440":6564,"441":3282,"442":3282,"443":3282,"444":3282,"445":41148,"446":41148,"447":41148,"448":41148,"449":3282,"450":3282,"451":9899,"452":4,"453":8,"454":12,"455":9,"456":2,"457":2,"458":2,"459":20100,"460":20100,"461":20100,"462":1845,"463":18255,"464":7402,"465":10853,"466":7,"467":7,"468":7,"469":7,"470":7,"471":6,"472":6,"473":117147,"474":117147,"475":117147,"476":117147,"477":151421,"478":151421,"479":151421,"480":117147,"481":11,"482":117136,"483":57132,"484":60004,"485":1,"486":3,"487":11,"488":11,"489":11,"490":13289,"491":13289,"492":37642,"493":13289,"494":13181,"495":13289,"496":11,"497":11,"498":0,"499":11,"500":1,"501":1,"502":1,"503":1,"504":1},"b":{"1":[1,1,1],"2":[14,0],"3":[0,9],"4":[1,51],"5":[52,52],"6":[1,48],"7":[8,40],"8":[18,22],"9":[18,4],"10":[3,1],"11":[3,45],"12":[48,43],"13":[1,13],"14":[14,13],"15":[1,12],"16":[1,10],"17":[5,5],"18":[3,2],"19":[132427,80958],"20":[1195,175676],"21":[40,36,24],"22":[1,23],"23":[24,24],"24":[22,1],"25":[3,19],"26":[2,20],"27":[1,19],"28":[4,15],"29":[11,4],"30":[2,2],"31":[8,6],"32":[133336,133301],"33":[2,16],"34":[18,18],"35":[3,15],"36":[18,18],"37":[1,21],"38":[22,22],"39":[20,1],"40":[1,19],"41":[18,1],"42":[1,212709],"43":[212709,2885,2662,2668,1724],"44":[1,4],"45":[5,5],"46":[3,1],"47":[1,1],"48":[2,2,1],"49":[53,2],"50":[1,114],"51":[45,69],"52":[49,3],"53":[3,46],"54":[1,2],"55":[45,1],"56":[1,44],"57":[1,43],"58":[1,79],"59":[5,74],"60":[30,12],"61":[42,32],"62":[1,29],"63":[1,28],"64":[2,30],"65":[1,29],"66":[2,23],"67":[2,25],"68":[1,25],"69":[3,22],"70":[1,22],"71":[1,21],"72":[20,40],"73":[1,19],"74":[1,19],"75":[3,14],"76":[1,10],"77":[2,10],"78":[12,10,8],"79":[2,8],"80":[10,2],"81":[2,6],"82":[8,8],"83":[22,10],"84":[32,25],"85":[21,1],"86":[3,12],"87":[2,12],"88":[0,12],"89":[137455,218074],"90":[4,8],"91":[12,6,6],"92":[4143224,2502006],"93":[124192,1641218],"94":[584988,1056230],"95":[134061,4],"96":[9895,256647],"97":[9895,124166],"98":[9899,3282],"99":[13181,9899,9899],"100":[41148,124166],"101":[0,124166],"102":[83018,41148],"103":[6617,6564],"104":[3282,3282],"105":[41148,0],"106":[9,3],"107":[2,7],"108":[1845,18255],"109":[7402,10853],"110":[7,0],"111":[6,1],"112":[7,1],"113":[6,0],"114":[268568,151432],"115":[11,117136],"116":[57132,60004],"117":[6617,6564],"118":[0,11]},"f":{"1":9,"2":9,"3":1,"4":49,"5":25,"6":25,"7":52,"8":133290,"9":1,"10":8,"11":6,"12":6,"13":48,"14":14,"15":1,"16":5,"17":133311,"18":1,"19":3,"20":88865,"21":1,"22":17,"23":40,"24":24,"25":1,"26":4,"27":8,"28":1,"29":11,"30":133336,"31":1,"32":2,"33":44294,"34":1,"35":18,"36":22,"37":22,"38":212710,"39":1,"40":3,"41":1,"42":1,"43":4,"44":5,"45":725,"46":1,"47":52,"48":2,"49":55,"50":32,"51":1765410,"52":461894,"53":20100,"54":117147},"fnMap":{"1":{"name":"(anonymous_1)","line":2,"loc":{"start":{"line":2,"column":44},"end":{"line":2,"column":60}}},"2":{"name":"__","line":4,"loc":{"start":{"line":4,"column":4},"end":{"line":4,"column":18}}},"3":{"name":"(anonymous_3)","line":9,"loc":{"start":{"line":9,"column":14},"end":{"line":9,"column":26}}},"4":{"name":"Filter","line":10,"loc":{"start":{"line":10,"column":4},"end":{"line":10,"column":22}}},"5":{"name":"(anonymous_5)","line":12,"loc":{"start":{"line":12,"column":30},"end":{"line":12,"column":42}}},"6":{"name":"(anonymous_6)","line":15,"loc":{"start":{"line":15,"column":31},"end":{"line":15,"column":51}}},"7":{"name":"(anonymous_7)","line":18,"loc":{"start":{"line":18,"column":19},"end":{"line":18,"column":39}}},"8":{"name":"(anonymous_8)","line":49,"loc":{"start":{"line":49,"column":28},"end":{"line":49,"column":43}}},"9":{"name":"(anonymous_9)","line":55,"loc":{"start":{"line":55,"column":19},"end":{"line":55,"column":37}}},"10":{"name":"LogicFilter","line":57,"loc":{"start":{"line":57,"column":4},"end":{"line":57,"column":37}}},"11":{"name":"(anonymous_11)","line":61,"loc":{"start":{"line":61,"column":35},"end":{"line":61,"column":47}}},"12":{"name":"(anonymous_12)","line":64,"loc":{"start":{"line":64,"column":36},"end":{"line":64,"column":56}}},"13":{"name":"(anonymous_13)","line":71,"loc":{"start":{"line":71,"column":26},"end":{"line":71,"column":41}}},"14":{"name":"(anonymous_14)","line":74,"loc":{"start":{"line":74,"column":24},"end":{"line":74,"column":44}}},"15":{"name":"(anonymous_15)","line":102,"loc":{"start":{"line":102,"column":22},"end":{"line":102,"column":40}}},"16":{"name":"AndLogicFilter","line":104,"loc":{"start":{"line":104,"column":4},"end":{"line":104,"column":30}}},"17":{"name":"(anonymous_17)","line":107,"loc":{"start":{"line":107,"column":36},"end":{"line":107,"column":51}}},"18":{"name":"(anonymous_18)","line":118,"loc":{"start":{"line":118,"column":21},"end":{"line":118,"column":39}}},"19":{"name":"OrLogicFilter","line":120,"loc":{"start":{"line":120,"column":4},"end":{"line":120,"column":29}}},"20":{"name":"(anonymous_20)","line":123,"loc":{"start":{"line":123,"column":35},"end":{"line":123,"column":50}}},"21":{"name":"(anonymous_21)","line":134,"loc":{"start":{"line":134,"column":20},"end":{"line":134,"column":38}}},"22":{"name":"NumberFilter","line":136,"loc":{"start":{"line":136,"column":4},"end":{"line":136,"column":45}}},"23":{"name":"(anonymous_23)","line":141,"loc":{"start":{"line":141,"column":27},"end":{"line":141,"column":42}}},"24":{"name":"(anonymous_24)","line":144,"loc":{"start":{"line":144,"column":25},"end":{"line":144,"column":45}}},"25":{"name":"(anonymous_25)","line":186,"loc":{"start":{"line":186,"column":28},"end":{"line":186,"column":46}}},"26":{"name":"LessThanNumberFilter","line":188,"loc":{"start":{"line":188,"column":4},"end":{"line":188,"column":36}}},"27":{"name":"(anonymous_27)","line":191,"loc":{"start":{"line":191,"column":42},"end":{"line":191,"column":57}}},"28":{"name":"(anonymous_28)","line":197,"loc":{"start":{"line":197,"column":31},"end":{"line":197,"column":49}}},"29":{"name":"GreaterThanNumberFilter","line":199,"loc":{"start":{"line":199,"column":4},"end":{"line":199,"column":39}}},"30":{"name":"(anonymous_30)","line":202,"loc":{"start":{"line":202,"column":45},"end":{"line":202,"column":60}}},"31":{"name":"(anonymous_31)","line":208,"loc":{"start":{"line":208,"column":25},"end":{"line":208,"column":43}}},"32":{"name":"EqualNumberFilter","line":210,"loc":{"start":{"line":210,"column":4},"end":{"line":210,"column":33}}},"33":{"name":"(anonymous_33)","line":213,"loc":{"start":{"line":213,"column":39},"end":{"line":213,"column":54}}},"34":{"name":"(anonymous_34)","line":219,"loc":{"start":{"line":219,"column":20},"end":{"line":219,"column":38}}},"35":{"name":"StringFilter","line":221,"loc":{"start":{"line":221,"column":4},"end":{"line":221,"column":47}}},"36":{"name":"(anonymous_36)","line":234,"loc":{"start":{"line":234,"column":27},"end":{"line":234,"column":42}}},"37":{"name":"(anonymous_37)","line":237,"loc":{"start":{"line":237,"column":25},"end":{"line":237,"column":45}}},"38":{"name":"(anonymous_38)","line":262,"loc":{"start":{"line":262,"column":34},"end":{"line":262,"column":49}}},"39":{"name":"(anonymous_39)","line":274,"loc":{"start":{"line":274,"column":22},"end":{"line":274,"column":40}}},"40":{"name":"NegationFilter","line":276,"loc":{"start":{"line":276,"column":4},"end":{"line":276,"column":37}}},"41":{"name":"(anonymous_41)","line":280,"loc":{"start":{"line":280,"column":38},"end":{"line":280,"column":50}}},"42":{"name":"(anonymous_42)","line":283,"loc":{"start":{"line":283,"column":39},"end":{"line":283,"column":59}}},"43":{"name":"(anonymous_43)","line":287,"loc":{"start":{"line":287,"column":29},"end":{"line":287,"column":44}}},"44":{"name":"(anonymous_44)","line":290,"loc":{"start":{"line":290,"column":27},"end":{"line":290,"column":47}}},"45":{"name":"(anonymous_45)","line":301,"loc":{"start":{"line":301,"column":36},"end":{"line":301,"column":51}}},"46":{"name":"(anonymous_46)","line":307,"loc":{"start":{"line":307,"column":23},"end":{"line":307,"column":35}}},"47":{"name":"QueryController","line":308,"loc":{"start":{"line":308,"column":4},"end":{"line":308,"column":39}}},"48":{"name":"(anonymous_48)","line":312,"loc":{"start":{"line":312,"column":30},"end":{"line":312,"column":47}}},"49":{"name":"(anonymous_49)","line":318,"loc":{"start":{"line":318,"column":38},"end":{"line":318,"column":55}}},"50":{"name":"(anonymous_50)","line":496,"loc":{"start":{"line":496,"column":23},"end":{"line":496,"column":39}}},"51":{"name":"(anonymous_51)","line":542,"loc":{"start":{"line":542,"column":24},"end":{"line":542,"column":40}}},"52":{"name":"(anonymous_52)","line":584,"loc":{"start":{"line":584,"column":33},"end":{"line":584,"column":49}}},"53":{"name":"(anonymous_53)","line":658,"loc":{"start":{"line":658,"column":28},"end":{"line":658,"column":44}}},"54":{"name":"(anonymous_54)","line":674,"loc":{"start":{"line":674,"column":32},"end":{"line":674,"column":48}}}},"statementMap":{"1":{"start":{"line":2,"column":0},"end":{"line":6,"column":2}},"2":{"start":{"line":3,"column":4},"end":{"line":3,"column":58}},"3":{"start":{"line":3,"column":21},"end":{"line":3,"column":58}},"4":{"start":{"line":3,"column":46},"end":{"line":3,"column":58}},"5":{"start":{"line":4,"column":4},"end":{"line":4,"column":43}},"6":{"start":{"line":4,"column":20},"end":{"line":4,"column":41}},"7":{"start":{"line":5,"column":4},"end":{"line":5,"column":89}},"8":{"start":{"line":7,"column":0},"end":{"line":7,"column":57}},"9":{"start":{"line":8,"column":0},"end":{"line":8,"column":32}},"10":{"start":{"line":9,"column":0},"end":{"line":53,"column":5}},"11":{"start":{"line":10,"column":4},"end":{"line":11,"column":5}},"12":{"start":{"line":12,"column":4},"end":{"line":14,"column":6}},"13":{"start":{"line":13,"column":8},"end":{"line":13,"column":20}},"14":{"start":{"line":15,"column":4},"end":{"line":17,"column":6}},"15":{"start":{"line":16,"column":8},"end":{"line":16,"column":23}},"16":{"start":{"line":18,"column":4},"end":{"line":48,"column":6}},"17":{"start":{"line":19,"column":8},"end":{"line":21,"column":9}},"18":{"start":{"line":20,"column":12},"end":{"line":20,"column":78}},"19":{"start":{"line":22,"column":8},"end":{"line":22,"column":28}},"20":{"start":{"line":23,"column":8},"end":{"line":43,"column":9}},"21":{"start":{"line":24,"column":12},"end":{"line":27,"column":13}},"22":{"start":{"line":25,"column":16},"end":{"line":26,"column":59}},"23":{"start":{"line":28,"column":12},"end":{"line":42,"column":13}},"24":{"start":{"line":29,"column":16},"end":{"line":29,"column":59}},"25":{"start":{"line":31,"column":17},"end":{"line":42,"column":13}},"26":{"start":{"line":32,"column":16},"end":{"line":32,"column":60}},"27":{"start":{"line":34,"column":17},"end":{"line":42,"column":13}},"28":{"start":{"line":35,"column":16},"end":{"line":35,"column":60}},"29":{"start":{"line":37,"column":17},"end":{"line":42,"column":13}},"30":{"start":{"line":38,"column":16},"end":{"line":38,"column":62}},"31":{"start":{"line":41,"column":16},"end":{"line":41,"column":84}},"32":{"start":{"line":44,"column":8},"end":{"line":46,"column":9}},"33":{"start":{"line":45,"column":12},"end":{"line":45,"column":31}},"34":{"start":{"line":47,"column":8},"end":{"line":47,"column":19}},"35":{"start":{"line":49,"column":4},"end":{"line":51,"column":6}},"36":{"start":{"line":50,"column":8},"end":{"line":50,"column":20}},"37":{"start":{"line":52,"column":4},"end":{"line":52,"column":18}},"38":{"start":{"line":54,"column":0},"end":{"line":54,"column":24}},"39":{"start":{"line":55,"column":0},"end":{"line":100,"column":11}},"40":{"start":{"line":56,"column":4},"end":{"line":56,"column":35}},"41":{"start":{"line":57,"column":4},"end":{"line":60,"column":5}},"42":{"start":{"line":58,"column":8},"end":{"line":58,"column":26}},"43":{"start":{"line":59,"column":8},"end":{"line":59,"column":35}},"44":{"start":{"line":61,"column":4},"end":{"line":63,"column":6}},"45":{"start":{"line":62,"column":8},"end":{"line":62,"column":21}},"46":{"start":{"line":64,"column":4},"end":{"line":70,"column":6}},"47":{"start":{"line":65,"column":8},"end":{"line":65,"column":23}},"48":{"start":{"line":66,"column":8},"end":{"line":69,"column":9}},"49":{"start":{"line":67,"column":12},"end":{"line":67,"column":31}},"50":{"start":{"line":68,"column":12},"end":{"line":68,"column":36}},"51":{"start":{"line":71,"column":4},"end":{"line":73,"column":6}},"52":{"start":{"line":72,"column":8},"end":{"line":72,"column":45}},"53":{"start":{"line":74,"column":4},"end":{"line":98,"column":6}},"54":{"start":{"line":75,"column":8},"end":{"line":77,"column":9}},"55":{"start":{"line":76,"column":12},"end":{"line":76,"column":83}},"56":{"start":{"line":78,"column":8},"end":{"line":81,"column":9}},"57":{"start":{"line":79,"column":12},"end":{"line":80,"column":69}},"58":{"start":{"line":82,"column":8},"end":{"line":82,"column":26}},"59":{"start":{"line":83,"column":8},"end":{"line":85,"column":9}},"60":{"start":{"line":84,"column":12},"end":{"line":84,"column":52}},"61":{"start":{"line":86,"column":8},"end":{"line":88,"column":9}},"62":{"start":{"line":87,"column":12},"end":{"line":87,"column":103}},"63":{"start":{"line":89,"column":8},"end":{"line":97,"column":9}},"64":{"start":{"line":90,"column":12},"end":{"line":90,"column":48}},"65":{"start":{"line":92,"column":13},"end":{"line":97,"column":9}},"66":{"start":{"line":93,"column":12},"end":{"line":93,"column":47}},"67":{"start":{"line":96,"column":12},"end":{"line":96,"column":93}},"68":{"start":{"line":99,"column":4},"end":{"line":99,"column":23}},"69":{"start":{"line":101,"column":0},"end":{"line":101,"column":34}},"70":{"start":{"line":102,"column":0},"end":{"line":116,"column":16}},"71":{"start":{"line":103,"column":4},"end":{"line":103,"column":38}},"72":{"start":{"line":104,"column":4},"end":{"line":106,"column":5}},"73":{"start":{"line":105,"column":8},"end":{"line":105,"column":38}},"74":{"start":{"line":107,"column":4},"end":{"line":114,"column":6}},"75":{"start":{"line":108,"column":8},"end":{"line":112,"column":9}},"76":{"start":{"line":109,"column":12},"end":{"line":111,"column":13}},"77":{"start":{"line":110,"column":16},"end":{"line":110,"column":29}},"78":{"start":{"line":113,"column":8},"end":{"line":113,"column":20}},"79":{"start":{"line":115,"column":4},"end":{"line":115,"column":26}},"80":{"start":{"line":117,"column":0},"end":{"line":117,"column":40}},"81":{"start":{"line":118,"column":0},"end":{"line":132,"column":16}},"82":{"start":{"line":119,"column":4},"end":{"line":119,"column":37}},"83":{"start":{"line":120,"column":4},"end":{"line":122,"column":5}},"84":{"start":{"line":121,"column":8},"end":{"line":121,"column":38}},"85":{"start":{"line":123,"column":4},"end":{"line":130,"column":6}},"86":{"start":{"line":124,"column":8},"end":{"line":128,"column":9}},"87":{"start":{"line":125,"column":12},"end":{"line":127,"column":13}},"88":{"start":{"line":126,"column":16},"end":{"line":126,"column":28}},"89":{"start":{"line":129,"column":8},"end":{"line":129,"column":21}},"90":{"start":{"line":131,"column":4},"end":{"line":131,"column":25}},"91":{"start":{"line":133,"column":0},"end":{"line":133,"column":38}},"92":{"start":{"line":134,"column":0},"end":{"line":184,"column":11}},"93":{"start":{"line":135,"column":4},"end":{"line":135,"column":36}},"94":{"start":{"line":136,"column":4},"end":{"line":140,"column":5}},"95":{"start":{"line":137,"column":8},"end":{"line":137,"column":26}},"96":{"start":{"line":138,"column":8},"end":{"line":138,"column":31}},"97":{"start":{"line":139,"column":8},"end":{"line":139,"column":29}},"98":{"start":{"line":141,"column":4},"end":{"line":143,"column":6}},"99":{"start":{"line":142,"column":8},"end":{"line":142,"column":60}},"100":{"start":{"line":144,"column":4},"end":{"line":182,"column":6}},"101":{"start":{"line":145,"column":8},"end":{"line":147,"column":9}},"102":{"start":{"line":146,"column":12},"end":{"line":146,"column":84}},"103":{"start":{"line":148,"column":8},"end":{"line":148,"column":28}},"104":{"start":{"line":149,"column":8},"end":{"line":149,"column":28}},"105":{"start":{"line":150,"column":8},"end":{"line":166,"column":9}},"106":{"start":{"line":151,"column":12},"end":{"line":165,"column":13}},"107":{"start":{"line":152,"column":16},"end":{"line":152,"column":24}},"108":{"start":{"line":153,"column":16},"end":{"line":153,"column":35}},"109":{"start":{"line":154,"column":16},"end":{"line":156,"column":17}},"110":{"start":{"line":155,"column":20},"end":{"line":155,"column":42}},"111":{"start":{"line":157,"column":16},"end":{"line":160,"column":17}},"112":{"start":{"line":158,"column":20},"end":{"line":159,"column":83}},"113":{"start":{"line":161,"column":16},"end":{"line":161,"column":26}},"114":{"start":{"line":164,"column":16},"end":{"line":164,"column":101}},"115":{"start":{"line":167,"column":8},"end":{"line":169,"column":9}},"116":{"start":{"line":168,"column":12},"end":{"line":168,"column":100}},"117":{"start":{"line":170,"column":8},"end":{"line":181,"column":9}},"118":{"start":{"line":171,"column":12},"end":{"line":171,"column":54}},"119":{"start":{"line":173,"column":13},"end":{"line":181,"column":9}},"120":{"start":{"line":174,"column":12},"end":{"line":174,"column":57}},"121":{"start":{"line":176,"column":13},"end":{"line":181,"column":9}},"122":{"start":{"line":177,"column":12},"end":{"line":177,"column":51}},"123":{"start":{"line":180,"column":12},"end":{"line":180,"column":90}},"124":{"start":{"line":183,"column":4},"end":{"line":183,"column":24}},"125":{"start":{"line":185,"column":0},"end":{"line":185,"column":36}},"126":{"start":{"line":186,"column":0},"end":{"line":195,"column":17}},"127":{"start":{"line":187,"column":4},"end":{"line":187,"column":44}},"128":{"start":{"line":188,"column":4},"end":{"line":190,"column":5}},"129":{"start":{"line":189,"column":8},"end":{"line":189,"column":38}},"130":{"start":{"line":191,"column":4},"end":{"line":193,"column":6}},"131":{"start":{"line":192,"column":8},"end":{"line":192,"column":87}},"132":{"start":{"line":194,"column":4},"end":{"line":194,"column":32}},"133":{"start":{"line":196,"column":0},"end":{"line":196,"column":52}},"134":{"start":{"line":197,"column":0},"end":{"line":206,"column":17}},"135":{"start":{"line":198,"column":4},"end":{"line":198,"column":47}},"136":{"start":{"line":199,"column":4},"end":{"line":201,"column":5}},"137":{"start":{"line":200,"column":8},"end":{"line":200,"column":38}},"138":{"start":{"line":202,"column":4},"end":{"line":204,"column":6}},"139":{"start":{"line":203,"column":8},"end":{"line":203,"column":87}},"140":{"start":{"line":205,"column":4},"end":{"line":205,"column":35}},"141":{"start":{"line":207,"column":0},"end":{"line":207,"column":58}},"142":{"start":{"line":208,"column":0},"end":{"line":217,"column":17}},"143":{"start":{"line":209,"column":4},"end":{"line":209,"column":41}},"144":{"start":{"line":210,"column":4},"end":{"line":212,"column":5}},"145":{"start":{"line":211,"column":8},"end":{"line":211,"column":38}},"146":{"start":{"line":213,"column":4},"end":{"line":215,"column":6}},"147":{"start":{"line":214,"column":8},"end":{"line":214,"column":46}},"148":{"start":{"line":216,"column":4},"end":{"line":216,"column":29}},"149":{"start":{"line":218,"column":0},"end":{"line":218,"column":46}},"150":{"start":{"line":219,"column":0},"end":{"line":272,"column":11}},"151":{"start":{"line":220,"column":4},"end":{"line":220,"column":36}},"152":{"start":{"line":221,"column":4},"end":{"line":233,"column":5}},"153":{"start":{"line":222,"column":8},"end":{"line":222,"column":26}},"154":{"start":{"line":223,"column":8},"end":{"line":223,"column":31}},"155":{"start":{"line":224,"col
[...]
17},"end":{"line":31,"column":17}}]},"9":{"line":34,"type":"if","locations":[{"start":{"line":34,"column":17},"end":{"line":34,"column":17}},{"start":{"line":34,"column":17},"end":{"line":34,"column":17}}]},"10":{"line":37,"type":"if","locations":[{"start":{"line":37,"column":17},"end":{"line":37,"column":17}},{"start":{"line":37,"column":17},"end":{"line":37,"column":17}}]},"11":{"line":44,"type":"if","locations":[{"start":{"line":44,"column":8},"end":{"line":44,"column":8}},{"start":{"line":44,"column":8},"end":{"line":44,"column":8}}]},"12":{"line":72,"type":"binary-expr","locations":[{"start":{"line":72,"column":15},"end":{"line":72,"column":28}},{"start":{"line":72,"column":32},"end":{"line":72,"column":44}}]},"13":{"line":75,"type":"if","locations":[{"start":{"line":75,"column":8},"end":{"line":75,"column":8}},{"start":{"line":75,"column":8},"end":{"line":75,"column":8}}]},"14":{"line":75,"type":"binary-expr","locations":[{"start":{"line":75,"column":12},"end":{"line":75,"column":29}},{"start":{"line":75,"column":33},"end":{"line":75,"column":45}}]},"15":{"line":78,"type":"if","locations":[{"start":{"line":78,"column":8},"end":{"line":78,"column":8}},{"start":{"line":78,"column":8},"end":{"line":78,"column":8}}]},"16":{"line":86,"type":"if","locations":[{"start":{"line":86,"column":8},"end":{"line":86,"column":8}},{"start":{"line":86,"column":8},"end":{"line":86,"column":8}}]},"17":{"line":89,"type":"if","locations":[{"start":{"line":89,"column":8},"end":{"line":89,"column":8}},{"start":{"line":89,"column":8},"end":{"line":89,"column":8}}]},"18":{"line":92,"type":"if","locations":[{"start":{"line":92,"column":13},"end":{"line":92,"column":13}},{"start":{"line":92,"column":13},"end":{"line":92,"column":13}}]},"19":{"line":109,"type":"if","locations":[{"start":{"line":109,"column":12},"end":{"line":109,"column":12}},{"start":{"line":109,"column":12},"end":{"line":109,"column":12}}]},"20":{"line":125,"type":"if","locations":[{"start":{"line":125,"column":12},"end":{"line":125,"column":12}},{"start":{"line":125,"column":12},"end":{"line":125,"column":12}}]},"21":{"line":142,"type":"binary-expr","locations":[{"start":{"line":142,"column":15},"end":{"line":142,"column":27}},{"start":{"line":142,"column":31},"end":{"line":142,"column":43}},{"start":{"line":142,"column":47},"end":{"line":142,"column":59}}]},"22":{"line":145,"type":"if","locations":[{"start":{"line":145,"column":8},"end":{"line":145,"column":8}},{"start":{"line":145,"column":8},"end":{"line":145,"column":8}}]},"23":{"line":145,"type":"binary-expr","locations":[{"start":{"line":145,"column":12},"end":{"line":145,"column":29}},{"start":{"line":145,"column":33},"end":{"line":145,"column":45}}]},"24":{"line":151,"type":"if","locations":[{"start":{"line":151,"column":12},"end":{"line":151,"column":12}},{"start":{"line":151,"column":12},"end":{"line":151,"column":12}}]},"25":{"line":154,"type":"if","locations":[{"start":{"line":154,"column":16},"end":{"line":154,"column":16}},{"start":{"line":154,"column":16},"end":{"line":154,"column":16}}]},"26":{"line":157,"type":"if","locations":[{"start":{"line":157,"column":16},"end":{"line":157,"column":16}},{"start":{"line":157,"column":16},"end":{"line":157,"column":16}}]},"27":{"line":167,"type":"if","locations":[{"start":{"line":167,"column":8},"end":{"line":167,"column":8}},{"start":{"line":167,"column":8},"end":{"line":167,"column":8}}]},"28":{"line":170,"type":"if","locations":[{"start":{"line":170,"column":8},"end":{"line":170,"column":8}},{"start":{"line":170,"column":8},"end":{"line":170,"column":8}}]},"29":{"line":173,"type":"if","locations":[{"start":{"line":173,"column":13},"end":{"line":173,"column":13}},{"start":{"line":173,"column":13},"end":{"line":173,"column":13}}]},"30":{"line":176,"type":"if","locations":[{"start":{"line":176,"column":13},"end":{"line":176,"column":13}},{"start":{"line":176,"column":13},"end":{"line":176,"column":13}}]},"31":{"line":192,"type":"binary-expr","locations":[{"start":{"line":192,"column":16},"end":{"line":192,"column":52}},{"start":{"line":192,"column":56},"end":{"line":192,"column":85}}]},"32":{"line":203,"type":"binary-expr","locations":[{"start":{"line":203,"column":16},"end":{"line":203,"column":52}},{"start":{"line":203,"column":56},"end":{"line":203,"column":85}}]},"33":{"line":225,"type":"if","locations":[{"start":{"line":225,"column":8},"end":{"line":225,"column":8}},{"start":{"line":225,"column":8},"end":{"line":225,"column":8}}]},"34":{"line":225,"type":"binary-expr","locations":[{"start":{"line":225,"column":12},"end":{"line":225,"column":35}},{"start":{"line":225,"column":39},"end":{"line":225,"column":61}}]},"35":{"line":229,"type":"if","locations":[{"start":{"line":229,"column":8},"end":{"line":229,"column":8}},{"start":{"line":229,"column":8},"end":{"line":229,"column":8}}]},"36":{"line":229,"type":"binary-expr","locations":[{"start":{"line":229,"column":12},"end":{"line":229,"column":35}},{"start":{"line":229,"column":39},"end":{"line":229,"column":83}}]},"37":{"line":238,"type":"if","locations":[{"start":{"line":238,"column":8},"end":{"line":238,"column":8}},{"start":{"line":238,"column":8},"end":{"line":238,"column":8}}]},"38":{"line":238,"type":"binary-expr","locations":[{"start":{"line":238,"column":12},"end":{"line":238,"column":29}},{"start":{"line":238,"column":33},"end":{"line":238,"column":45}}]},"39":{"line":244,"type":"if","locations":[{"start":{"line":244,"column":12},"end":{"line":244,"column":12}},{"start":{"line":244,"column":12},"end":{"line":244,"column":12}}]},"40":{"line":252,"type":"if","locations":[{"start":{"line":252,"column":8},"end":{"line":252,"column":8}},{"start":{"line":252,"column":8},"end":{"line":252,"column":8}}]},"41":{"line":255,"type":"if","locations":[{"start":{"line":255,"column":8},"end":{"line":255,"column":8}},{"start":{"line":255,"column":8},"end":{"line":255,"column":8}}]},"42":{"line":263,"type":"if","locations":[{"start":{"line":263,"column":8},"end":{"line":263,"column":8}},{"start":{"line":263,"column":8},"end":{"line":263,"column":8}}]},"43":{"line":267,"type":"binary-expr","locations":[{"start":{"line":267,"column":16},"end":{"line":267,"column":23}},{"start":{"line":268,"column":13},"end":{"line":268,"column":27}},{"start":{"line":268,"column":31},"end":{"line":268,"column":37}},{"start":{"line":269,"column":13},"end":{"line":269,"column":26}},{"start":{"line":269,"column":30},"end":{"line":269,"column":67}}]},"44":{"line":291,"type":"if","locations":[{"start":{"line":291,"column":8},"end":{"line":291,"column":8}},{"start":{"line":291,"column":8},"end":{"line":291,"column":8}}]},"45":{"line":291,"type":"binary-expr","locations":[{"start":{"line":291,"column":12},"end":{"line":291,"column":29}},{"start":{"line":291,"column":33},"end":{"line":291,"column":45}}]},"46":{"line":294,"type":"if","locations":[{"start":{"line":294,"column":8},"end":{"line":294,"column":8}},{"start":{"line":294,"column":8},"end":{"line":294,"column":8}}]},"47":{"line":313,"type":"if","locations":[{"start":{"line":313,"column":8},"end":{"line":313,"column":8}},{"start":{"line":313,"column":8},"end":{"line":313,"column":8}}]},"48":{"line":313,"type":"binary-expr","locations":[{"start":{"line":313,"column":12},"end":{"line":313,"column":40}},{"start":{"line":313,"column":44},"end":{"line":313,"column":58}},{"start":{"line":313,"column":62},"end":{"line":313,"column":91}}]},"49":{"line":326,"type":"if","locations":[{"start":{"line":326,"column":8},"end":{"line":326,"column":8}},{"start":{"line":326,"column":8},"end":{"line":326,"column":8}}]},"50":{"line":328,"type":"if","locations":[{"start":{"line":328,"column":16},"end":{"line":328,"column":16}},{"start":{"line":328,"column":16},"end":{"line":328,"column":16}}]},"51":{"line":342,"type":"if","locations":[{"start":{"line":342,"column":12},"end":{"line":342,"column":12}},{"start":{"line":342,"column":12},"end":{"line":342,"column":12}}]},"52":{"line":353,"type":"if","locations":[{"start":{"line":353,"column":8},"end":{"line":353,"column":8}},{"start":{"line":353,"column":8},"end":{"line":353,"column":8}}]},"53":{"line":355,"type":"if","locations":[{"start":{"line":355,"column":12},"end":{"line":355,"column":12}},{"start":{"line":355,"column":12},"end":{"line":355,"column":12}}]},"54":{"line":357,"type":"if","locations":[{"start":{"line":357,"column":16},"end":{"line":357,"column":16}},{"start":{"line":357,"column":16},"end":{"line":357,"column":16}}]},"55":{"line":361,"type":"if","locations":[{"start":{"line":361,"column":17},"end":{"line":361,"column":17}},{"start":{"line":361,"column":17},"end":{"line":361,"column":17}}]},"56":{"line":363,"type":"if","locations":[{"start":{"line":363,"column":16},"end":{"line":363,"column":16}},{"start":{"line":363,"column":16},"end":{"line":363,"column":16}}]},"57":{"line":366,"type":"if","locations":[{"start":{"line":366,"column":16},"end":{"line":366,"column":16}},{"start":{"line":366,"column":16},"end":{"line":366,"column":16}}]},"58":{"line":371,"type":"if","locations":[{"start":{"line":371,"column":20},"end":{"line":371,"column":20}},{"start":{"line":371,"column":20},"end":{"line":371,"column":20}}]},"59":{"line":374,"type":"if","locations":[{"start":{"line":374,"column":20},"end":{"line":374,"column":20}},{"start":{"line":374,"column":20},"end":{"line":374,"column":20}}]},"60":{"line":391,"type":"if","locations":[{"start":{"line":391,"column":8},"end":{"line":391,"column":8}},{"start":{"line":391,"column":8},"end":{"line":391,"column":8}}]},"61":{"line":391,"type":"binary-expr","locations":[{"start":{"line":391,"column":12},"end":{"line":391,"column":23}},{"start":{"line":391,"column":27},"end":{"line":391,"column":38}}]},"62":{"line":393,"type":"if","locations":[{"start":{"line":393,"column":12},"end":{"line":393,"column":12}},{"start":{"line":393,"column":12},"end":{"line":393,"column":12}}]},"63":{"line":397,"type":"if","locations":[{"start":{"line":397,"column":12},"end":{"line":397,"column":12}},{"start":{"line":397,"column":12},"end":{"line":397,"column":12}}]},"64":{"line":404,"type":"if","locations":[{"start":{"line":404,"column":16},"end":{"line":404,"column":16}},{"start":{"line":404,"column":16},"end":{"line":404,"column":16}}]},"65":{"line":408,"type":"if","locations":[{"start":{"line":408,"column":16},"end":{"line":408,"column":16}},{"start":{"line":408,"column":16},"end":{"line":408,"column":16}}]},"66":{"line":415,"type":"if","locations":[{"start":{"line":415,"column":12},"end":{"line":415,"column":12}},{"start":{"line":415,"column":12},"end":{"line":415,"column":12}}]},"67":{"line":422,"type":"if","locations":[{"start":{"line":422,"column":16},"end":{"line":422,"column":16}},{"start":{"line":422,"column":16},"end":{"line":422,"column":16}}]},"68":{"line":428,"type":"if","locations":[{"start":{"line":428,"column":20},"end":{"line":428,"column":20}},{"start":{"line":428,"column":20},"end":{"line":428,"column":20}}]},"69":{"line":432,"type":"if","locations":[{"start":{"line":432,"column":20},"end":{"line":432,"column":20}},{"start":{"line":432,"column":20},"end":{"line":432,"column":20}}]},"70":{"line":438,"type":"if","locations":[{"start":{"line":438,"column":24},"end":{"line":438,"column":24}},{"start":{"line":438,"column":24},"end":{"line":438,"column":24}}]},"71":{"line":443,"type":"if","locations":[{"start":{"line":443,"column":24},"end":{"line":443,"column":24}},{"start":{"line":443,"column":24},"end":{"line":443,"column":24}}]},"72":{"line":448,"type":"if","locations":[{"start":{"line":448,"column":28},"end":{"line":448,"column":28}},{"start":{"line":448,"column":28},"end":{"line":448,"column":28}}]},"73":{"line":450,"type":"if","locations":[{"start":{"line":450,"column":32},"end":{"line":450,"column":32}},{"start":{"line":450,"column":32},"end":{"line":450,"column":32}}]},"74":{"line":457,"type":"if","locations":[{"start":{"line":457,"column":24},"end":{"line":457,"column":24}},{"start":{"line":457,"column":24},"end":{"line":457,"column":24}}]},"75":{"line":469,"type":"if","locations":[{"start":{"line":469,"column":16},"end":{"line":469,"column":16}},{"start":{"line":469,"column":16},"end":{"line":469,"column":16}}]},"76":{"line":475,"type":"if","locations":[{"start":{"line":475,"column":16},"end":{"line":475,"column":16}},{"start":{"line":475,"column":16},"end":{"line":475,"column":16}}]},"77":{"line":481,"type":"if","locations":[{"start":{"line":481,"column":12},"end":{"line":481,"column":12}},{"start":{"line":481,"column":12},"end":{"line":481,"column":12}}]},"78":{"line":481,"type":"binary-expr","locations":[{"start":{"line":481,"column":16},"end":{"line":481,"column":28}},{"start":{"line":481,"column":32},"end":{"line":481,"column":44}},{"start":{"line":481,"column":49},"end":{"line":481,"column":69}}]},"79":{"line":484,"type":"if","locations":[{"start":{"line":484,"column":17},"end":{"line":484,"column":17}},{"start":{"line":484,"column":17},"end":{"line":484,"column":17}}]},"80":{"line":484,"type":"binary-expr","locations":[{"start":{"line":484,"column":21},"end":{"line":484,"column":32}},{"start":{"line":484,"column":36},"end":{"line":484,"column":48}}]},"81":{"line":487,"type":"if","locations":[{"start":{"line":487,"column":17},"end":{"line":487,"column":17}},{"start":{"line":487,"column":17},"end":{"line":487,"column":17}}]},"82":{"line":487,"type":"binary-expr","locations":[{"start":{"line":487,"column":21},"end":{"line":487,"column":33}},{"start":{"line":487,"column":37},"end":{"line":487,"column":48}}]},"83":{"line":497,"type":"if","locations":[{"start":{"line":497,"column":12},"end":{"line":497,"column":12}},{"start":{"line":497,"column":12},"end":{"line":497,"column":12}}]},"84":{"line":497,"type":"binary-expr","locations":[{"start":{"line":497,"column":16},"end":{"line":497,"column":29}},{"start":{"line":497,"column":33},"end":{"line":497,"column":44}}]},"85":{"line":498,"type":"if","locations":[{"start":{"line":498,"column":16},"end":{"line":498,"column":16}},{"start":{"line":498,"column":16},"end":{"line":498,"column":16}}]},"86":{"line":511,"type":"if","locations":[{"start":{"line":511,"column":12},"end":{"line":511,"column":12}},{"start":{"line":511,"column":12},"end":{"line":511,"column":12}}]},"87":{"line":518,"type":"if","locations":[{"start":{"line":518,"column":8},"end":{"line":518,"column":8}},{"start":{"line":518,"column":8},"end":{"line":518,"column":8}}]},"88":{"line":521,"type":"if","locations":[{"start":{"line":521,"column":8},"end":{"line":521,"column":8}},{"start":{"line":521,"column":8},"end":{"line":521,"column":8}}]},"89":{"line":530,"type":"if","locations":[{"start":{"line":530,"column":12},"end":{"line":530,"column":12}},{"start":{"line":530,"column":12},"end":{"line":530,"column":12}}]},"90":{"line":539,"type":"if","locations":[{"start":{"line":539,"column":8},"end":{"line":539,"column":8}},{"start":{"line":539,"column":8},"end":{"line":539,"column":8}}]},"91":{"line":539,"type":"binary-expr","locations":[{"start":{"line":539,"column":12},"end":{"line":539,"column":23}},{"start":{"line":539,"column":27},"end":{"line":539,"column":38}},{"start":{"line":539,"column":42},"end":{"line":539,"column":59}}]},"92":{"line":546,"type":"binary-expr","locations":[{"start":{"line":546,"column":23},"end":{"line":546,"column":31}},{"start":{"line":546,"column":35},"end":{"line":546,"column":63}}]},"93":{"line":551,"type":"if","locations":[{"start":{"line":551,"column":16},"end":{"line":551,"column":16}},{"start":{"line":551,"column":16},"end":{"line":551,"column":16}}]},"94":{"line":553,"type":"if","locations":[{"start":{"line":553,"column":16},"end":{"line":553,"column":16}},{"start":{"line":553,"column":16},"end":{"line":553,"column":16}}]},"95":{"line":562,"type":"if","locations":[{"start":{"line":562,"column":16},"end":{"line":562,"column":16}},{"start":{"line":562,"column":16},"end":{"line":562,"column":16}}]},"96":{"line":566,"type":"if","locations":[{"start":{"line":566,"column":24},"end":{"line":566,"column":24}},{"start":{"line":566,"column":24},"end":{"line":566,"column":24}}]},"97":{"line":571,"type":"if","locations":[{"start":{"line":571,"column":20},"end":{"line":571,"column":20}},{"start":{"line":571,"column":20},"end":{"line":571,"column":20}}]},"98":{"line":597,"type":"if","locations":[{"start":{"line":597,"column":20},"end":{"line":597,"column":20}},{"start":{"line":597,"column":20},"end":{"line":597,"column":20}}]},"99":{"line":597,"type":"binary-expr","locations":[{"start":{"line":597,"column":24},"end":{"line":597,"column":40}},{"start":{"line":597,"column":44},"end":{"line":597,"column":60}},{"start":{"line":597,"column":64},"end":{"line":597,"column":80}}]},"100":{"line":610,"type":"if","locations":[{"start":{"line":610,"column":24},"end":{"line":610,"column":24}},{"start":{"line":610,"column":24},"end":{"line":610,"column":24}}]},"101":{"line":613,"type":"if","locations":[{"start":{"line":613,"column":29},"end":{"line":613,"column":29}},{"start":{"line":613,"column":29},"end":{"line":613,"column":29}}]},"102":{"line":616,"type":"if","locations":[{"start":{"line":616,"column":29},"end":{"line":616,"column":29}},{"start":{"line":616,"column":29},"end":{"line":616,"column":29}}]},"103":{"line":628,"type":"if","locations":[{"start":{"line":628,"column":20},"end":{"line":628,"column":20}},{"start":{"line":628,"column":20},"end":{"line":628,"column":20}}]},"104":{"line":632,"type":"if","locations":[{"start":{"line":632,"column":25},"end":{"line":632,"column":25}},{"start":{"line":632,"column":25},"end":{"line":632,"column":25}}]},"105":{"line":638,"type":"if","locations":[{"start":{"line":638,"column":28},"end":{"line":638,"column":28}},{"start":{"line":638,"column":28},"end":{"line":638,"column":28}}]},"106":{"line":654,"type":"if","locations":[{"start":{"line":654,"column":8},"end":{"line":654,"column":8}},{"start":{"line":654,"column":8},"end":{"line":654,"column":8}}]},"107":{"line":655,"type":"if","locations":[{"start":{"line":655,"column":12},"end":{"line":655,"column":12}},{"start":{"line":655,"column":12},"end":{"line":655,"column":12}}]},"108":{"line":661,"type":"if","locations":[{"start":{"line":661,"column":20},"end":{"line":661,"column":20}},{"start":{"line":661,"column":20},"end":{"line":661,"column":20}}]},"109":{"line":663,"type":"if","locations":[{"start":{"line":663,"column":20},"end":{"line":663,"column":20}},{"start":{"line":663,"column":20},"end":{"line":663,"column":20}}]},"110":{"line":668,"type":"if","locations":[{"start":{"line":668,"column":17},"end":{"line":668,"column":17}},{"start":{"line":668,"column":17},"end":{"line":668,"column":17}}]},"111":{"line":672,"type":"if","locations":[{"start":{"line":672,"column":16},"end":{"line":672,"column":16}},{"start":{"line":672,"column":16},"end":{"line":672,"column":16}}]},"112":{"line":672,"type":"binary-expr","locations":[{"start":{"line":672,"column":20},"end":{"line":672,"column":37}},{"start":{"line":672,"column":41},"end":{"line":672,"column":60}}]},"113":{"line":673,"type":"cond-expr","locations":[{"start":{"line":673,"column":56},"end":{"line":673,"column":57}},{"start":{"line":673,"column":60},"end":{"line":673,"column":62}}]},"114":{"line":678,"type":"binary-expr","locations":[{"start":{"line":678,"column":31},"end":{"line":678,"column":39}},{"start":{"line":678,"column":43},"end":{"line":678,"column":73}}]},"115":{"line":683,"type":"if","locations":[{"start":{"line":683,"column":24},"end":{"line":683,"column":24}},{"start":{"line":683,"column":24},"end":{"line":683,"column":24}}]},"116":{"line":685,"type":"if","locations":[{"start":{"line":685,"column":24},"end":{"line":685,"column":24}},{"start":{"line":685,"column":24},"end":{"line":685,"column":24}}]},"117":{"line":706,"type":"if","locations":[{"start":{"line":706,"column":16},"end":{"line":706,"column":16}},{"start":{"line":706,"column":16},"end":{"line":706,"column":16}}]},"118":{"line":713,"type":"if","locations":[{"start":{"line":713,"column":8},"end":{"line":713,"column":8}},{"start":{"line":713,"column":8},"end":{"line":713,"column":8}}]}}}}