TN:
SF:/Users/Daniel/Desktop/cpsc310project/src/controller/DatasetController.js
FN:6,(anonymous_1)
FN:7,DatasetController
FN:12,(anonymous_3)
FN:23,(anonymous_4)
FN:25,(anonymous_5)
FN:35,(anonymous_6)
FN:38,(anonymous_7)
FN:42,(anonymous_8)
FN:44,(anonymous_9)
FN:45,(anonymous_10)
FN:56,(anonymous_11)
FN:71,(anonymous_12)
FN:72,(anonymous_13)
FN:76,(anonymous_14)
FN:79,(anonymous_15)
FN:80,(anonymous_16)
FN:104,(anonymous_17)
FN:111,(anonymous_18)
FN:119,(anonymous_19)
FN:124,(anonymous_20)
FN:125,(anonymous_21)
FN:137,(anonymous_22)
FN:139,parseNodes
FN:142,(anonymous_24)
FN:145,(anonymous_25)
FN:154,(anonymous_26)
FN:168,(anonymous_27)
FN:171,(anonymous_28)
FN:183,(anonymous_29)
FN:186,(anonymous_30)
FN:188,(anonymous_31)
FN:201,(anonymous_32)
FN:208,(anonymous_33)
FN:211,(anonymous_34)
FN:212,(anonymous_35)
FN:215,parseDatasetNodes
FN:218,(anonymous_37)
FN:221,(anonymous_38)
FN:232,(anonymous_39)
FN:242,getKeys
FN:245,(anonymous_41)
FN:248,(anonymous_42)
FN:258,(anonymous_43)
FN:261,(anonymous_44)
FN:271,(anonymous_45)
FN:275,(anonymous_46)
FN:286,(anonymous_47)
FN:290,(anonymous_48)
FN:301,(anonymous_49)
FN:305,(anonymous_50)
FN:316,(anonymous_51)
FN:319,(anonymous_52)
FN:321,(anonymous_53)
FN:340,(anonymous_54)
FN:367,(anonymous_55)
FN:370,(anonymous_56)
FN:373,(anonymous_57)
FN:385,(anonymous_58)
FN:386,(anonymous_59)
FN:387,(anonymous_60)
FN:389,(anonymous_61)
FN:392,(anonymous_62)
FN:395,(anonymous_63)
FN:398,(anonymous_64)
FN:409,(anonymous_65)
FN:411,(anonymous_66)
FN:418,(anonymous_67)
FN:424,(anonymous_68)
FN:427,(anonymous_69)
FN:434,(anonymous_70)
FN:436,(anonymous_71)
FN:440,(anonymous_72)
FNF:72
FNH:68
FNDA:1,(anonymous_1)
FNDA:6,DatasetController
FNDA:20,(anonymous_3)
FNDA:25,(anonymous_4)
FNDA:25,(anonymous_5)
FNDA:2,(anonymous_6)
FNDA:2,(anonymous_7)
FNDA:5,(anonymous_8)
FNDA:3,(anonymous_9)
FNDA:3,(anonymous_10)
FNDA:2,(anonymous_11)
FNDA:3,(anonymous_12)
FNDA:3,(anonymous_13)
FNDA:5947,(anonymous_14)
FNDA:5944,(anonymous_15)
FNDA:5944,(anonymous_16)
FNDA:0,(anonymous_17)
FNDA:3,(anonymous_18)
FNDA:0,(anonymous_19)
FNDA:1,(anonymous_20)
FNDA:1,(anonymous_21)
FNDA:1,(anonymous_22)
FNDA:1892,parseNodes
FNDA:20,(anonymous_24)
FNDA:4,(anonymous_25)
FNDA:4,(anonymous_26)
FNDA:378,(anonymous_27)
FNDA:7,(anonymous_28)
FNDA:378,(anonymous_29)
FNDA:299,(anonymous_30)
FNDA:4,(anonymous_31)
FNDA:1891,(anonymous_32)
FNDA:4,(anonymous_33)
FNDA:4,(anonymous_34)
FNDA:4,(anonymous_35)
FNDA:7456,parseDatasetNodes
FNDA:15,(anonymous_37)
FNDA:3,(anonymous_38)
FNDA:7452,(anonymous_39)
FNDA:5715,getKeys
FNDA:1119,(anonymous_41)
FNDA:16,(anonymous_42)
FNDA:174,(anonymous_43)
FNDA:3,(anonymous_44)
FNDA:80,(anonymous_45)
FNDA:16,(anonymous_46)
FNDA:80,(anonymous_47)
FNDA:16,(anonymous_48)
FNDA:80,(anonymous_49)
FNDA:16,(anonymous_50)
FNDA:1119,(anonymous_51)
FNDA:896,(anonymous_52)
FNDA:16,(anonymous_53)
FNDA:1,(anonymous_54)
FNDA:6,(anonymous_55)
FNDA:6,(anonymous_56)
FNDA:4,(anonymous_57)
FNDA:2,(anonymous_58)
FNDA:2,(anonymous_59)
FNDA:2,(anonymous_60)
FNDA:0,(anonymous_61)
FNDA:0,(anonymous_62)
FNDA:2,(anonymous_63)
FNDA:2,(anonymous_64)
FNDA:2,(anonymous_65)
FNDA:2,(anonymous_66)
FNDA:2,(anonymous_67)
FNDA:2,(anonymous_68)
FNDA:2,(anonymous_69)
FNDA:2,(anonymous_70)
FNDA:2,(anonymous_71)
FNDA:2,(anonymous_72)
DA:2,1
DA:3,1
DA:4,1
DA:5,1
DA:6,1
DA:7,1
DA:8,6
DA:9,6
DA:10,6
DA:12,1
DA:13,20
DA:14,1
DA:15,1
DA:16,2
DA:17,21
DA:21,20
DA:23,1
DA:24,25
DA:25,25
DA:26,25
DA:27,25
DA:28,23
DA:29,23
DA:32,2
DA:33,2
DA:34,2
DA:35,2
DA:36,2
DA:38,2
DA:39,2
DA:41,2
DA:42,2
DA:43,5
DA:44,3
DA:45,3
DA:46,3
DA:48,3
DA:49,3
DA:50,3
DA:51,3
DA:56,2
DA:57,2
DA:58,2
DA:59,2
DA:66,0
DA:67,0
DA:71,1
DA:72,3
DA:73,3
DA:74,3
DA:75,3
DA:76,3
DA:77,5947
DA:78,5947
DA:79,5944
DA:80,5944
DA:81,5944
DA:82,5944
DA:83,5944
DA:84,44430
DA:85,44430
DA:86,44430
DA:87,444300
DA:88,444300
DA:89,444300
DA:90,266580
DA:93,177720
DA:96,44430
DA:97,16895
DA:99,44430
DA:101,5944
DA:103,5944
DA:105,0
DA:106,0
DA:111,3
DA:112,3
DA:113,3
DA:114,2
DA:117,1
DA:120,0
DA:124,1
DA:125,1
DA:126,1
DA:127,1
DA:128,1
DA:129,1
DA:130,1
DA:131,1
DA:132,1
DA:133,1
DA:134,1
DA:135,1
DA:136,1
DA:137,1
DA:138,1
DA:139,1
DA:140,1892
DA:141,20
DA:142,20
DA:143,20
DA:144,4
DA:145,4
DA:146,4
DA:147,4
DA:152,20
DA:153,4
DA:154,4
DA:155,4
DA:156,4
DA:157,4
DA:158,4
DA:166,1892
DA:167,296
DA:168,296
DA:169,378
DA:170,7
DA:171,7
DA:172,7
DA:173,4
DA:181,1892
DA:182,296
DA:183,296
DA:184,378
DA:185,295
DA:186,295
DA:187,299
DA:188,4
DA:189,4
DA:190,4
DA:191,4
DA:200,1892
DA:201,958
DA:202,1891
DA:206,1
DA:207,1
DA:208,1
DA:209,4
DA:210,0
DA:211,4
DA:212,4
DA:213,4
DA:214,4
DA:215,1
DA:216,7456
DA:217,15
DA:218,15
DA:219,15
DA:220,3
DA:221,3
DA:222,3
DA:223,3
DA:231,7456
DA:232,3784
DA:233,7452
DA:237,4
DA:238,4
DA:239,1
DA:240,1
DA:242,1
DA:243,5715
DA:244,887
DA:245,887
DA:246,1119
DA:247,16
DA:248,16
DA:249,16
DA:256,5715
DA:257,177
DA:258,177
DA:259,174
DA:260,3
DA:261,3
DA:262,3
DA:269,5715
DA:270,80
DA:271,80
DA:272,80
DA:273,80
DA:274,16
DA:275,16
DA:276,16
DA:284,5715
DA:285,80
DA:286,80
DA:287,80
DA:288,80
DA:289,16
DA:290,16
DA:291,16
DA:299,5715
DA:300,80
DA:301,80
DA:302,80
DA:303,80
DA:304,16
DA:305,16
DA:306,16
DA:314,5715
DA:315,887
DA:316,887
DA:317,1119
DA:318,884
DA:319,884
DA:320,896
DA:321,16
DA:322,16
DA:331,5715
DA:332,2879
DA:335,3
DA:336,3
DA:340,1
DA:341,1
DA:342,1
DA:343,1
DA:344,16
DA:345,64
DA:346,3
DA:349,16
DA:350,16
DA:351,16
DA:352,16
DA:353,16
DA:354,16
DA:355,16
DA:356,16
DA:357,16
DA:358,16
DA:359,16
DA:361,1
DA:362,1
DA:367,1
DA:368,6
DA:369,6
DA:370,6
DA:371,6
DA:372,6
DA:373,6
DA:374,4
DA:375,4
DA:376,4
DA:377,3
DA:379,1
DA:380,1
DA:383,0
DA:385,4
DA:386,2
DA:387,2
DA:388,2
DA:390,0
DA:393,0
DA:396,2
DA:399,2
DA:400,2
DA:404,0
DA:405,0
DA:409,1
DA:410,2
DA:411,2
DA:412,2
DA:413,2
DA:414,1
DA:416,2
DA:417,2
DA:418,2
DA:419,2
DA:421,2
DA:422,2
DA:423,2
DA:424,2
DA:425,2
DA:426,2
DA:428,2
DA:429,2
DA:434,1
DA:435,2
DA:436,2
DA:437,2
DA:438,2
DA:439,2
DA:440,2
DA:441,2
DA:442,1
DA:443,0
DA:444,0
DA:447,1
DA:448,1
DA:452,1
DA:453,1
DA:458,1
DA:485,1
DA:486,1
DA:488,1
DA:489,1
LF:293
LH:280
BRDA:13,1,0,1
BRDA:13,1,1,19
BRDA:27,2,0,23
BRDA:27,2,1,2
BRDA:36,3,0,0
BRDA:36,3,1,2
BRDA:36,4,0,2
BRDA:36,4,1,2
BRDA:39,5,0,0
BRDA:39,5,1,2
BRDA:43,6,0,3
BRDA:43,6,1,2
BRDA:43,7,0,5
BRDA:43,7,1,5
BRDA:46,8,0,0
BRDA:46,8,1,3
BRDA:78,9,0,5944
BRDA:78,9,1,3
BRDA:78,10,0,5947
BRDA:78,10,1,5945
BRDA:78,10,2,5945
BRDA:82,11,0,5944
BRDA:82,11,1,0
BRDA:89,12,0,266580
BRDA:89,12,1,177720
BRDA:96,13,0,16895
BRDA:96,13,1,27535
BRDA:113,14,0,2
BRDA:113,14,1,1
BRDA:140,15,0,20
BRDA:140,15,1,1872
BRDA:141,16,0,20
BRDA:141,16,1,0
BRDA:143,17,0,4
BRDA:143,17,1,16
BRDA:143,18,0,20
BRDA:143,18,1,20
BRDA:144,19,0,4
BRDA:144,19,1,0
BRDA:146,20,0,4
BRDA:146,20,1,0
BRDA:152,21,0,4
BRDA:152,21,1,16
BRDA:152,22,0,20
BRDA:152,22,1,20
BRDA:153,23,0,4
BRDA:153,23,1,0
BRDA:155,24,0,4
BRDA:155,24,1,0
BRDA:166,25,0,296
BRDA:166,25,1,1596
BRDA:167,26,0,296
BRDA:167,26,1,0
BRDA:169,27,0,7
BRDA:169,27,1,371
BRDA:169,28,0,378
BRDA:169,28,1,14
BRDA:170,29,0,7
BRDA:170,29,1,0
BRDA:172,30,0,4
BRDA:172,30,1,3
BRDA:181,31,0,296
BRDA:181,31,1,1596
BRDA:181,32,0,1892
BRDA:181,32,1,1892
BRDA:182,33,0,296
BRDA:182,33,1,0
BRDA:184,34,0,295
BRDA:184,34,1,83
BRDA:185,35,0,295
BRDA:185,35,1,0
BRDA:187,36,0,4
BRDA:187,36,1,295
BRDA:200,37,0,958
BRDA:200,37,1,934
BRDA:209,38,0,0
BRDA:209,38,1,4
BRDA:216,39,0,15
BRDA:216,39,1,7441
BRDA:216,40,0,7456
BRDA:216,40,1,7456
BRDA:217,41,0,15
BRDA:217,41,1,0
BRDA:219,42,0,3
BRDA:219,42,1,12
BRDA:219,43,0,15
BRDA:219,43,1,15
BRDA:220,44,0,3
BRDA:220,44,1,0
BRDA:222,45,0,3
BRDA:222,45,1,0
BRDA:231,46,0,3784
BRDA:231,46,1,3672
BRDA:238,47,0,1
BRDA:238,47,1,3
BRDA:243,48,0,887
BRDA:243,48,1,4828
BRDA:243,49,0,5715
BRDA:243,49,1,5715
BRDA:244,50,0,887
BRDA:244,50,1,0
BRDA:246,51,0,16
BRDA:246,51,1,1103
BRDA:246,52,0,1119
BRDA:246,52,1,34
BRDA:247,53,0,16
BRDA:247,53,1,0
BRDA:256,54,0,177
BRDA:256,54,1,5538
BRDA:256,55,0,5715
BRDA:256,55,1,5715
BRDA:257,56,0,177
BRDA:257,56,1,0
BRDA:259,57,0,3
BRDA:259,57,1,171
BRDA:259,58,0,174
BRDA:259,58,1,153
BRDA:260,59,0,3
BRDA:260,59,1,0
BRDA:269,60,0,80
BRDA:269,60,1,5635
BRDA:269,61,0,5715
BRDA:269,61,1,5715
BRDA:270,62,0,80
BRDA:270,62,1,0
BRDA:272,63,0,80
BRDA:272,63,1,0
BRDA:273,64,0,16
BRDA:273,64,1,64
BRDA:274,65,0,16
BRDA:274,65,1,0
BRDA:284,66,0,80
BRDA:284,66,1,5635
BRDA:284,67,0,5715
BRDA:284,67,1,5715
BRDA:285,68,0,80
BRDA:285,68,1,0
BRDA:287,69,0,80
BRDA:287,69,1,0
BRDA:288,70,0,16
BRDA:288,70,1,64
BRDA:289,71,0,16
BRDA:289,71,1,0
BRDA:299,72,0,80
BRDA:299,72,1,5635
BRDA:299,73,0,5715
BRDA:299,73,1,5715
BRDA:300,74,0,80
BRDA:300,74,1,0
BRDA:302,75,0,80
BRDA:302,75,1,0
BRDA:303,76,0,16
BRDA:303,76,1,64
BRDA:304,77,0,16
BRDA:304,77,1,0
BRDA:314,78,0,887
BRDA:314,78,1,4828
BRDA:314,79,0,5715
BRDA:314,79,1,5715
BRDA:315,80,0,887
BRDA:315,80,1,0
BRDA:317,81,0,884
BRDA:317,81,1,235
BRDA:318,82,0,884
BRDA:318,82,1,0
BRDA:320,83,0,16
BRDA:320,83,1,880
BRDA:331,84,0,2879
BRDA:331,84,1,2836
BRDA:345,85,0,3
BRDA:345,85,1,61
BRDA:376,86,0,3
BRDA:376,86,1,1
BRDA:379,87,0,1
BRDA:379,87,1,0
BRDA:413,88,0,1
BRDA:413,88,1,1
BRDA:419,89,0,0
BRDA:419,89,1,2
BRDA:419,90,0,2
BRDA:419,90,1,2
BRDA:441,91,0,1
BRDA:441,91,1,1
BRDA:442,92,0,0
BRDA:442,92,1,1
BRF:185
BRH:150
end_of_record
TN:
SF:/Users/Daniel/Desktop/cpsc310project/src/Util.js
FN:2,(anonymous_1)
FN:3,Log
FN:5,(anonymous_3)
FN:8,(anonymous_4)
FN:11,(anonymous_5)
FN:14,(anonymous_6)
FN:17,(anonymous_7)
FNF:7
FNH:4
FNDA:1,(anonymous_1)
FNDA:0,Log
FNDA:556,(anonymous_3)
FNDA:0,(anonymous_4)
FNDA:0,(anonymous_5)
FNDA:1,(anonymous_6)
FNDA:74,(anonymous_7)
DA:2,1
DA:3,1
DA:5,1
DA:6,556
DA:8,1
DA:9,0
DA:11,1
DA:12,0
DA:14,1
DA:15,1
DA:17,1
DA:18,74
DA:20,1
DA:22,1
DA:23,1
LF:15
LH:13
BRF:0
BRH:0
end_of_record
TN:
SF:/Users/Daniel/Desktop/cpsc310project/src/controller/InsightFacade.js
FN:5,(anonymous_1)
FN:6,InsightFacade
FN:8,(anonymous_3)
FN:9,(anonymous_4)
FN:10,(anonymous_5)
FN:13,(anonymous_6)
FN:19,(anonymous_7)
FN:20,(anonymous_8)
FN:21,(anonymous_9)
FN:24,(anonymous_10)
FN:30,(anonymous_11)
FN:31,(anonymous_12)
FN:32,(anonymous_13)
FN:42,(anonymous_14)
FNF:14
FNH:13
FNDA:1,(anonymous_1)
FNDA:10,InsightFacade
FNDA:4,(anonymous_3)
FNDA:4,(anonymous_4)
FNDA:1,(anonymous_5)
FNDA:3,(anonymous_6)
FNDA:2,(anonymous_7)
FNDA:2,(anonymous_8)
FNDA:2,(anonymous_9)
FNDA:0,(anonymous_10)
FNDA:22,(anonymous_11)
FNDA:22,(anonymous_12)
FNDA:22,(anonymous_13)
FNDA:10,(anonymous_14)
DA:2,1
DA:3,1
DA:4,1
DA:5,1
DA:6,1
DA:8,1
DA:9,4
DA:10,4
DA:11,1
DA:12,1
DA:14,3
DA:15,3
DA:19,1
DA:20,2
DA:21,2
DA:22,2
DA:23,2
DA:25,0
DA:26,0
DA:30,1
DA:31,22
DA:32,22
DA:33,22
DA:34,22
DA:35,12
DA:36,1
DA:37,1
DA:40,11
DA:43,10
DA:44,10
DA:48,1
DA:49,1
DA:51,1
DA:52,1
LF:34
LH:32
BRDA:35,1,0,1
BRDA:35,1,1,11
BRF:2
BRH:2
end_of_record
TN:
SF:/Users/Daniel/Desktop/cpsc310project/src/controller/QueryController.js
FN:2,(anonymous_1)
FN:4,__
FN:9,(anonymous_3)
FN:10,Filter
FN:12,(anonymous_5)
FN:15,(anonymous_6)
FN:18,(anonymous_7)
FN:49,(anonymous_8)
FN:55,(anonymous_9)
FN:57,LogicFilter
FN:61,(anonymous_11)
FN:64,(anonymous_12)
FN:71,(anonymous_13)
FN:74,(anonymous_14)
FN:102,(anonymous_15)
FN:104,AndLogicFilter
FN:107,(anonymous_17)
FN:118,(anonymous_18)
FN:120,OrLogicFilter
FN:123,(anonymous_20)
FN:134,(anonymous_21)
FN:136,NumberFilter
FN:141,(anonymous_23)
FN:144,(anonymous_24)
FN:186,(anonymous_25)
FN:188,LessThanNumberFilter
FN:191,(anonymous_27)
FN:197,(anonymous_28)
FN:199,GreaterThanNumberFilter
FN:202,(anonymous_30)
FN:208,(anonymous_31)
FN:210,EqualNumberFilter
FN:213,(anonymous_33)
FN:219,(anonymous_34)
FN:221,StringFilter
FN:234,(anonymous_36)
FN:237,(anonymous_37)
FN:262,(anonymous_38)
FN:274,(anonymous_39)
FN:276,NegationFilter
FN:280,(anonymous_41)
FN:283,(anonymous_42)
FN:287,(anonymous_43)
FN:290,(anonymous_44)
FN:301,(anonymous_45)
FN:307,(anonymous_46)
FN:308,QueryController
FN:312,(anonymous_48)
FN:318,(anonymous_49)
FN:496,(anonymous_50)
FN:542,(anonymous_51)
FN:584,(anonymous_52)
FN:658,(anonymous_53)
FN:674,(anonymous_54)
FNF:54
FNH:54
FNDA:9,(anonymous_1)
FNDA:9,__
FNDA:1,(anonymous_3)
FNDA:49,Filter
FNDA:25,(anonymous_5)
FNDA:25,(anonymous_6)
FNDA:52,(anonymous_7)
FNDA:133290,(anonymous_8)
FNDA:1,(anonymous_9)
FNDA:8,LogicFilter
FNDA:6,(anonymous_11)
FNDA:6,(anonymous_12)
FNDA:48,(anonymous_13)
FNDA:14,(anonymous_14)
FNDA:1,(anonymous_15)
FNDA:5,AndLogicFilter
FNDA:133311,(anonymous_17)
FNDA:1,(anonymous_18)
FNDA:3,OrLogicFilter
FNDA:88865,(anonymous_20)
FNDA:1,(anonymous_21)
FNDA:17,NumberFilter
FNDA:40,(anonymous_23)
FNDA:24,(anonymous_24)
FNDA:1,(anonymous_25)
FNDA:4,LessThanNumberFilter
FNDA:8,(anonymous_27)
FNDA:1,(anonymous_28)
FNDA:11,GreaterThanNumberFilter
FNDA:133336,(anonymous_30)
FNDA:1,(anonymous_31)
FNDA:2,EqualNumberFilter
FNDA:44294,(anonymous_33)
FNDA:1,(anonymous_34)
FNDA:18,StringFilter
FNDA:22,(anonymous_36)
FNDA:22,(anonymous_37)
FNDA:212710,(anonymous_38)
FNDA:1,(anonymous_39)
FNDA:3,NegationFilter
FNDA:1,(anonymous_41)
FNDA:1,(anonymous_42)
FNDA:4,(anonymous_43)
FNDA:5,(anonymous_44)
FNDA:725,(anonymous_45)
FNDA:1,(anonymous_46)
FNDA:52,QueryController
FNDA:2,(anonymous_48)
FNDA:55,(anonymous_49)
FNDA:32,(anonymous_50)
FNDA:1765410,(anonymous_51)
FNDA:461894,(anonymous_52)
FNDA:20100,(anonymous_53)
FNDA:117147,(anonymous_54)
DA:2,1
DA:3,14
DA:4,9
DA:5,9
DA:7,1
DA:8,1
DA:9,1
DA:10,1
DA:12,1
DA:13,25
DA:15,1
DA:16,25
DA:18,1
DA:19,52
DA:20,1
DA:22,51
DA:23,51
DA:24,49
DA:25,1
DA:28,48
DA:29,8
DA:31,40
DA:32,18
DA:34,22
DA:35,18
DA:37,4
DA:38,3
DA:41,1
DA:44,48
DA:45,3
DA:47,48
DA:49,1
DA:50,133290
DA:52,1
DA:54,1
DA:55,1
DA:56,1
DA:57,1
DA:58,8
DA:59,8
DA:61,1
DA:62,6
DA:64,1
DA:65,6
DA:66,6
DA:67,16
DA:68,16
DA:71,1
DA:72,48
DA:74,1
DA:75,14
DA:76,1
DA:78,13
DA:79,1
DA:82,12
DA:83,12
DA:84,24
DA:86,11
DA:87,1
DA:89,10
DA:90,5
DA:92,5
DA:93,3
DA:96,2
DA:99,1
DA:101,1
DA:102,1
DA:103,1
DA:104,1
DA:105,5
DA:107,1
DA:108,133311
DA:109,213385
DA:110,132427
DA:113,884
DA:115,1
DA:117,1
DA:118,1
DA:119,1
DA:120,1
DA:121,3
DA:123,1
DA:124,88865
DA:125,176871
DA:126,1195
DA:129,87670
DA:131,1
DA:133,1
DA:134,1
DA:135,1
DA:136,1
DA:137,17
DA:138,17
DA:139,17
DA:141,1
DA:142,40
DA:144,1
DA:145,24
DA:146,1
DA:148,23
DA:149,23
DA:150,23
DA:151,23
DA:152,22
DA:153,22
DA:154,22
DA:155,3
DA:157,22
DA:158,2
DA:161,20
DA:164,1
DA:167,20
DA:168,1
DA:170,19
DA:171,4
DA:173,15
DA:174,11
DA:176,4
DA:177,2
DA:180,2
DA:183,1
DA:185,1
DA:186,1
DA:187,1
DA:188,1
DA:189,4
DA:191,1
DA:192,8
DA:194,1
DA:196,1
DA:197,1
DA:198,1
DA:199,1
DA:200,11
DA:202,1
DA:203,133336
DA:205,1
DA:207,1
DA:208,1
DA:209,1
DA:210,1
DA:211,2
DA:213,1
DA:214,44294
DA:216,1
DA:218,1
DA:219,1
DA:220,1
DA:221,1
DA:222,18
DA:223,18
DA:224,18
DA:225,18
DA:226,2
DA:227,2
DA:229,18
DA:230,3
DA:231,3
DA:234,1
DA:235,22
DA:237,1
DA:238,22
DA:239,1
DA:241,21
DA:242,21
DA:243,21
DA:244,21
DA:245,20
DA:246,20
DA:249,1
DA:252,20
DA:253,1
DA:255,19
DA:256,18
DA:259,1
DA:262,1
DA:263,212710
DA:264,1
DA:265,212709
DA:266,212709
DA:267,212709
DA:271,1
DA:273,1
DA:274,1
DA:275,1
DA:276,1
DA:277,3
DA:278,3
DA:280,1
DA:281,1
DA:283,1
DA:284,1
DA:285,1
DA:287,1
DA:288,4
DA:290,1
DA:291,5
DA:292,1
DA:294,4
DA:295,3
DA:298,1
DA:301,1
DA:302,725
DA:304,1
DA:306,1
DA:307,1
DA:308,1
DA:309,52
DA:310,52
DA:312,1
DA:313,2
DA:314,1
DA:316,1
DA:318,1
DA:319,55
DA:320,55
DA:321,55
DA:322,55
DA:323,55
DA:324,55
DA:325,55
DA:326,55
DA:327,53
DA:328,115
DA:329,1
DA:333,52
DA:336,2
DA:339,52
DA:340,114
DA:341,114
DA:342,114
DA:343,45
DA:346,69
DA:347,69
DA:349,114
DA:351,52
DA:352,52
DA:353,52
DA:354,49
DA:355,49
DA:356,3
DA:357,3
DA:358,1
DA:361,46
DA:362,45
DA:363,45
DA:364,1
DA:366,44
DA:367,1
DA:369,43
DA:370,80
DA:371,80
DA:372,1
DA:374,79
DA:375,5
DA:378,37
DA:381,1
DA:385,3
DA:387,42
DA:388,42
DA:389,42
DA:390,42
DA:391,42
DA:392,30
DA:393,30
DA:394,1
DA:397,29
DA:398,1
DA:400,28
DA:401,28
DA:402,32
DA:403,32
DA:404,32
DA:405,2
DA:408,30
DA:409,1
DA:411,29
DA:412,29
DA:414,25
DA:415,25
DA:416,2
DA:418,23
DA:419,23
DA:420,27
DA:421,27
DA:422,27
DA:423,2
DA:426,25
DA:427,25
DA:428,26
DA:429,1
DA:431,25
DA:432,25
DA:433,3
DA:435,22
DA:436,22
DA:437,22
DA:438,23
DA:439,1
DA:441,22
DA:442,22
DA:443,22
DA:444,1
DA:446,21
DA:447,21
DA:448,60
DA:449,20
DA:450,20
DA:451,1
DA:453,19
DA:454,19
DA:457,20
DA:458,1
DA:460,19
DA:461,19
DA:462,19
DA:466,13
DA:467,13
DA:468,17
DA:469,17
DA:470,3
DA:473,10
DA:474,11
DA:475,11
DA:476,1
DA:481,12
DA:482,2
DA:484,10
DA:485,2
DA:487,8
DA:488,2
DA:491,6
DA:494,15
DA:495,15
DA:496,15
DA:497,32
DA:498,22
DA:499,21
DA:500,21
DA:503,1
DA:507,14
DA:508,14
DA:509,14
DA:510,14
DA:511,15
DA:512,3
DA:515,12
DA:518,14
DA:519,2
DA:521,12
DA:522,0
DA:524,12
DA:525,12
DA:526,12
DA:527,12
DA:528,12
DA:529,355529
DA:530,355529
DA:531,137455
DA:532,137455
DA:533,1374549
DA:534,137455
DA:535,137455
DA:538,12
DA:539,12
DA:540,4
DA:541,4
DA:542,4
DA:543,1765410
DA:544,1765410
DA:545,1765410
DA:546,1765410
DA:547,2377814
DA:548,2377814
DA:549,2377814
DA:551,1765410
DA:552,124192
DA:553,1641218
DA:554,584988
DA:555,1056230
DA:557,4
DA:558,4
DA:559,4
DA:560,4
DA:561,134065
DA:562,134065
DA:563,134061
DA:564,134061
DA:565,266542
DA:566,266542
DA:567,9895
DA:568,9895
DA:571,134061
DA:572,9895
DA:573,9895
DA:576,134065
DA:577,134065
DA:579,4
DA:580,4
DA:581,4
DA:582,4
DA:583,4
DA:584,9899
DA:585,461894
DA:587,9899
DA:588,9899
DA:589,9899
DA:590,19745
DA:591,19745
DA:593,9899
DA:594,13181
DA:595,13181
DA:596,13181
DA:597,13181
DA:598,9899
DA:601,3282
DA:604,9899
DA:605,124166
DA:606,124166
DA:607,165314
DA:608,165314
DA:609,165314
DA:610,165314
DA:611,41148
DA:613,124166
DA:614,0
DA:616,124166
DA:617,83018
DA:620,41148
DA:624,9899
DA:625,13181
DA:626,13181
DA:627,13181
DA:628,13181
DA:629,6617
DA:630,6617
DA:632,6564
DA:633,3282
DA:634,3282
DA:635,3282
DA:636,3282
DA:637,41148
DA:638,41148
DA:639,41148
DA:641,41148
DA:643,3282
DA:644,3282
DA:647,9899
DA:649,4
DA:652,8
DA:654,12
DA:655,9
DA:656,2
DA:657,2
DA:658,2
DA:659,20100
DA:660,20100
DA:661,20100
DA:662,1845
DA:663,18255
DA:664,7402
DA:665,10853
DA:668,7
DA:669,7
DA:670,7
DA:671,7
DA:672,7
DA:673,6
DA:674,6
DA:675,117147
DA:676,117147
DA:677,117147
DA:678,117147
DA:679,151421
DA:680,151421
DA:681,151421
DA:683,117147
DA:684,11
DA:685,117136
DA:686,57132
DA:687,60004
DA:691,1
DA:696,3
DA:698,11
DA:699,11
DA:700,11
DA:701,13289
DA:702,13289
DA:703,37642
DA:705,13289
DA:706,13181
DA:709,13289
DA:711,11
DA:713,11
DA:714,0
DA:716,11
DA:718,1
DA:719,1
DA:720,1
DA:722,1
DA:723,1
LF:501
LH:498
BRDA:2,1,0,1
BRDA:2,1,1,1
BRDA:2,1,2,1
BRDA:3,2,0,14
BRDA:3,2,1,0
BRDA:5,3,0,0
BRDA:5,3,1,9
BRDA:19,4,0,1
BRDA:19,4,1,51
BRDA:19,5,0,52
BRDA:19,5,1,52
BRDA:24,6,0,1
BRDA:24,6,1,48
BRDA:28,7,0,8
BRDA:28,7,1,40
BRDA:31,8,0,18
BRDA:31,8,1,22
BRDA:34,9,0,18
BRDA:34,9,1,4
BRDA:37,10,0,3
BRDA:37,10,1,1
BRDA:44,11,0,3
BRDA:44,11,1,45
BRDA:72,12,0,48
BRDA:72,12,1,43
BRDA:75,13,0,1
BRDA:75,13,1,13
BRDA:75,14,0,14
BRDA:75,14,1,13
BRDA:78,15,0,1
BRDA:78,15,1,12
BRDA:86,16,0,1
BRDA:86,16,1,10
BRDA:89,17,0,5
BRDA:89,17,1,5
BRDA:92,18,0,3
BRDA:92,18,1,2
BRDA:109,19,0,132427
BRDA:109,19,1,80958
BRDA:125,20,0,1195
BRDA:125,20,1,175676
BRDA:142,21,0,40
BRDA:142,21,1,36
BRDA:142,21,2,24
BRDA:145,22,0,1
BRDA:145,22,1,23
BRDA:145,23,0,24
BRDA:145,23,1,24
BRDA:151,24,0,22
BRDA:151,24,1,1
BRDA:154,25,0,3
BRDA:154,25,1,19
BRDA:157,26,0,2
BRDA:157,26,1,20
BRDA:167,27,0,1
BRDA:167,27,1,19
BRDA:170,28,0,4
BRDA:170,28,1,15
BRDA:173,29,0,11
BRDA:173,29,1,4
BRDA:176,30,0,2
BRDA:176,30,1,2
BRDA:192,31,0,8
BRDA:192,31,1,6
BRDA:203,32,0,133336
BRDA:203,32,1,133301
BRDA:225,33,0,2
BRDA:225,33,1,16
BRDA:225,34,0,18
BRDA:225,34,1,18
BRDA:229,35,0,3
BRDA:229,35,1,15
BRDA:229,36,0,18
BRDA:229,36,1,18
BRDA:238,37,0,1
BRDA:238,37,1,21
BRDA:238,38,0,22
BRDA:238,38,1,22
BRDA:244,39,0,20
BRDA:244,39,1,1
BRDA:252,40,0,1
BRDA:252,40,1,19
BRDA:255,41,0,18
BRDA:255,41,1,1
BRDA:263,42,0,1
BRDA:263,42,1,212709
BRDA:267,43,0,212709
BRDA:267,43,1,2885
BRDA:267,43,2,2662
BRDA:267,43,3,2668
BRDA:267,43,4,1724
BRDA:291,44,0,1
BRDA:291,44,1,4
BRDA:291,45,0,5
BRDA:291,45,1,5
BRDA:294,46,0,3
BRDA:294,46,1,1
BRDA:313,47,0,1
BRDA:313,47,1,1
BRDA:313,48,0,2
BRDA:313,48,1,2
BRDA:313,48,2,1
BRDA:326,49,0,53
BRDA:326,49,1,2
BRDA:328,50,0,1
BRDA:328,50,1,114
BRDA:342,51,0,45
BRDA:342,51,1,69
BRDA:353,52,0,49
BRDA:353,52,1,3
BRDA:355,53,0,3
BRDA:355,53,1,46
BRDA:357,54,0,1
BRDA:357,54,1,2
BRDA:361,55,0,45
BRDA:361,55,1,1
BRDA:363,56,0,1
BRDA:363,56,1,44
BRDA:366,57,0,1
BRDA:366,57,1,43
BRDA:371,58,0,1
BRDA:371,58,1,79
BRDA:374,59,0,5
BRDA:374,59,1,74
BRDA:391,60,0,30
BRDA:391,60,1,12
BRDA:391,61,0,42
BRDA:391,61,1,32
BRDA:393,62,0,1
BRDA:393,62,1,29
BRDA:397,63,0,1
BRDA:397,63,1,28
BRDA:404,64,0,2
BRDA:404,64,1,30
BRDA:408,65,0,1
BRDA:408,65,1,29
BRDA:415,66,0,2
BRDA:415,66,1,23
BRDA:422,67,0,2
BRDA:422,67,1,25
BRDA:428,68,0,1
BRDA:428,68,1,25
BRDA:432,69,0,3
BRDA:432,69,1,22
BRDA:438,70,0,1
BRDA:438,70,1,22
BRDA:443,71,0,1
BRDA:443,71,1,21
BRDA:448,72,0,20
BRDA:448,72,1,40
BRDA:450,73,0,1
BRDA:450,73,1,19
BRDA:457,74,0,1
BRDA:457,74,1,19
BRDA:469,75,0,3
BRDA:469,75,1,14
BRDA:475,76,0,1
BRDA:475,76,1,10
BRDA:481,77,0,2
BRDA:481,77,1,10
BRDA:481,78,0,12
BRDA:481,78,1,10
BRDA:481,78,2,8
BRDA:484,79,0,2
BRDA:484,79,1,8
BRDA:484,80,0,10
BRDA:484,80,1,2
BRDA:487,81,0,2
BRDA:487,81,1,6
BRDA:487,82,0,8
BRDA:487,82,1,8
BRDA:497,83,0,22
BRDA:497,83,1,10
BRDA:497,84,0,32
BRDA:497,84,1,25
BRDA:498,85,0,21
BRDA:498,85,1,1
BRDA:511,86,0,3
BRDA:511,86,1,12
BRDA:518,87,0,2
BRDA:518,87,1,12
BRDA:521,88,0,0
BRDA:521,88,1,12
BRDA:530,89,0,137455
BRDA:530,89,1,218074
BRDA:539,90,0,4
BRDA:539,90,1,8
BRDA:539,91,0,12
BRDA:539,91,1,6
BRDA:539,91,2,6
BRDA:546,92,0,4143224
BRDA:546,92,1,2502006
BRDA:551,93,0,124192
BRDA:551,93,1,1641218
BRDA:553,94,0,584988
BRDA:553,94,1,1056230
BRDA:562,95,0,134061
BRDA:562,95,1,4
BRDA:566,96,0,9895
BRDA:566,96,1,256647
BRDA:571,97,0,9895
BRDA:571,97,1,124166
BRDA:597,98,0,9899
BRDA:597,98,1,3282
BRDA:597,99,0,13181
BRDA:597,99,1,9899
BRDA:597,99,2,9899
BRDA:610,100,0,41148
BRDA:610,100,1,124166
BRDA:613,101,0,0
BRDA:613,101,1,124166
BRDA:616,102,0,83018
BRDA:616,102,1,41148
BRDA:628,103,0,6617
BRDA:628,103,1,6564
BRDA:632,104,0,3282
BRDA:632,104,1,3282
BRDA:638,105,0,41148
BRDA:638,105,1,0
BRDA:654,106,0,9
BRDA:654,106,1,3
BRDA:655,107,0,2
BRDA:655,107,1,7
BRDA:661,108,0,1845
BRDA:661,108,1,18255
BRDA:663,109,0,7402
BRDA:663,109,1,10853
BRDA:668,110,0,7
BRDA:668,110,1,0
BRDA:672,111,0,6
BRDA:672,111,1,1
BRDA:672,112,0,7
BRDA:672,112,1,1
BRDA:673,113,0,6
BRDA:673,113,1,0
BRDA:678,114,0,268568
BRDA:678,114,1,151432
BRDA:683,115,0,11
BRDA:683,115,1,117136
BRDA:685,116,0,57132
BRDA:685,116,1,60004
BRDA:706,117,0,6617
BRDA:706,117,1,6564
BRDA:713,118,0,0
BRDA:713,118,1,11
BRF:245
BRH:237
end_of_record
